        -:    0:Source:/mnt/c/Users/xpewa/CLionProjects/Technopark-IZ/IZ-1/Google_tests/lib/googletest-master/googletest/src/gtest.cc
        -:    0:Graph:/mnt/c/Users/xpewa/CLionProjects/Technopark-IZ/IZ-1/cmake-build-debug-coverage/Google_tests/lib/googletest-master/googletest/CMakeFiles/gtest.dir/src/gtest-all.cc.gcno
        -:    0:Data:/mnt/c/Users/xpewa/CLionProjects/Technopark-IZ/IZ-1/cmake-build-debug-coverage/Google_tests/lib/googletest-master/googletest/CMakeFiles/gtest.dir/src/gtest-all.cc.gcda
        -:    0:Runs:1
        -:    1:// Copyright 2005, Google Inc.
        -:    2:// All rights reserved.
        -:    3://
        -:    4:// Redistribution and use in source and binary forms, with or without
        -:    5:// modification, are permitted provided that the following conditions are
        -:    6:// met:
        -:    7://
        -:    8://     * Redistributions of source code must retain the above copyright
        -:    9:// notice, this list of conditions and the following disclaimer.
        -:   10://     * Redistributions in binary form must reproduce the above
        -:   11:// copyright notice, this list of conditions and the following disclaimer
        -:   12:// in the documentation and/or other materials provided with the
        -:   13:// distribution.
        -:   14://     * Neither the name of Google Inc. nor the names of its
        -:   15:// contributors may be used to endorse or promote products derived from
        -:   16:// this software without specific prior written permission.
        -:   17://
        -:   18:// THIS SOFTWARE IS PROVIDED BY THE COPYRIGHT HOLDERS AND CONTRIBUTORS
        -:   19:// "AS IS" AND ANY EXPRESS OR IMPLIED WARRANTIES, INCLUDING, BUT NOT
        -:   20:// LIMITED TO, THE IMPLIED WARRANTIES OF MERCHANTABILITY AND FITNESS FOR
        -:   21:// A PARTICULAR PURPOSE ARE DISCLAIMED. IN NO EVENT SHALL THE COPYRIGHT
        -:   22:// OWNER OR CONTRIBUTORS BE LIABLE FOR ANY DIRECT, INDIRECT, INCIDENTAL,
        -:   23:// SPECIAL, EXEMPLARY, OR CONSEQUENTIAL DAMAGES (INCLUDING, BUT NOT
        -:   24:// LIMITED TO, PROCUREMENT OF SUBSTITUTE GOODS OR SERVICES; LOSS OF USE,
        -:   25:// DATA, OR PROFITS; OR BUSINESS INTERRUPTION) HOWEVER CAUSED AND ON ANY
        -:   26:// THEORY OF LIABILITY, WHETHER IN CONTRACT, STRICT LIABILITY, OR TORT
        -:   27:// (INCLUDING NEGLIGENCE OR OTHERWISE) ARISING IN ANY WAY OUT OF THE USE
        -:   28:// OF THIS SOFTWARE, EVEN IF ADVISED OF THE POSSIBILITY OF SUCH DAMAGE.
        -:   29:
        -:   30://
        -:   31:// The Google C++ Testing and Mocking Framework (Google Test)
        -:   32:
        -:   33:#include "gtest/gtest.h"
        -:   34:#include "gtest/internal/custom/gtest.h"
        -:   35:#include "gtest/gtest-spi.h"
        -:   36:
        -:   37:#include <ctype.h>
        -:   38:#include <stdarg.h>
        -:   39:#include <stdio.h>
        -:   40:#include <stdlib.h>
        -:   41:#include <time.h>
        -:   42:#include <wchar.h>
        -:   43:#include <wctype.h>
        -:   44:
        -:   45:#include <algorithm>
        -:   46:#include <chrono>  // NOLINT
        -:   47:#include <cmath>
        -:   48:#include <cstdint>
        -:   49:#include <iomanip>
        -:   50:#include <limits>
        -:   51:#include <list>
        -:   52:#include <map>
        -:   53:#include <ostream>  // NOLINT
        -:   54:#include <sstream>
        -:   55:#include <vector>
        -:   56:
        -:   57:#if GTEST_OS_LINUX
        -:   58:
        -:   59:# include <fcntl.h>  // NOLINT
        -:   60:# include <limits.h>  // NOLINT
        -:   61:# include <sched.h>  // NOLINT
        -:   62:// Declares vsnprintf().  This header is not available on Windows.
        -:   63:# include <strings.h>  // NOLINT
        -:   64:# include <sys/mman.h>  // NOLINT
        -:   65:# include <sys/time.h>  // NOLINT
        -:   66:# include <unistd.h>  // NOLINT
        -:   67:# include <string>
        -:   68:
        -:   69:#elif GTEST_OS_ZOS
        -:   70:# include <sys/time.h>  // NOLINT
        -:   71:
        -:   72:// On z/OS we additionally need strings.h for strcasecmp.
        -:   73:# include <strings.h>  // NOLINT
        -:   74:
        -:   75:#elif GTEST_OS_WINDOWS_MOBILE  // We are on Windows CE.
        -:   76:
        -:   77:# include <windows.h>  // NOLINT
        -:   78:# undef min
        -:   79:
        -:   80:#elif GTEST_OS_WINDOWS  // We are on Windows proper.
        -:   81:
        -:   82:# include <windows.h>  // NOLINT
        -:   83:# undef min
        -:   84:
        -:   85:#ifdef _MSC_VER
        -:   86:# include <crtdbg.h>  // NOLINT
        -:   87:#endif
        -:   88:
        -:   89:# include <io.h>  // NOLINT
        -:   90:# include <sys/timeb.h>  // NOLINT
        -:   91:# include <sys/types.h>  // NOLINT
        -:   92:# include <sys/stat.h>  // NOLINT
        -:   93:
        -:   94:# if GTEST_OS_WINDOWS_MINGW
        -:   95:#  include <sys/time.h>  // NOLINT
        -:   96:# endif  // GTEST_OS_WINDOWS_MINGW
        -:   97:
        -:   98:#else
        -:   99:
        -:  100:// cpplint thinks that the header is already included, so we want to
        -:  101:// silence it.
        -:  102:# include <sys/time.h>  // NOLINT
        -:  103:# include <unistd.h>  // NOLINT
        -:  104:
        -:  105:#endif  // GTEST_OS_LINUX
        -:  106:
        -:  107:#if GTEST_HAS_EXCEPTIONS
        -:  108:# include <stdexcept>
        -:  109:#endif
        -:  110:
        -:  111:#if GTEST_CAN_STREAM_RESULTS_
        -:  112:# include <arpa/inet.h>  // NOLINT
        -:  113:# include <netdb.h>  // NOLINT
        -:  114:# include <sys/socket.h>  // NOLINT
        -:  115:# include <sys/types.h>  // NOLINT
        -:  116:#endif
        -:  117:
        -:  118:#include "src/gtest-internal-inl.h"
        -:  119:
        -:  120:#if GTEST_OS_WINDOWS
        -:  121:# define vsnprintf _vsnprintf
        -:  122:#endif  // GTEST_OS_WINDOWS
        -:  123:
        -:  124:#if GTEST_OS_MAC
        -:  125:#ifndef GTEST_OS_IOS
        -:  126:#include <crt_externs.h>
        -:  127:#endif
        -:  128:#endif
        -:  129:
        -:  130:#if GTEST_HAS_ABSL
        -:  131:#include "absl/debugging/failure_signal_handler.h"
        -:  132:#include "absl/debugging/stacktrace.h"
        -:  133:#include "absl/debugging/symbolize.h"
        -:  134:#include "absl/strings/str_cat.h"
        -:  135:#endif  // GTEST_HAS_ABSL
        -:  136:
        -:  137:namespace testing {
        -:  138:
        -:  139:using internal::CountIf;
        -:  140:using internal::ForEach;
        -:  141:using internal::GetElementOr;
        -:  142:using internal::Shuffle;
        -:  143:
        -:  144:// Constants.
        -:  145:
        -:  146:// A test whose test suite name or test name matches this filter is
        -:  147:// disabled and not run.
        -:  148:static const char kDisableTestFilter[] = "DISABLED_*:*/DISABLED_*";
        -:  149:
        -:  150:// A test suite whose name matches this filter is considered a death
        -:  151:// test suite and will be run before test suites whose name doesn't
        -:  152:// match this filter.
        -:  153:static const char kDeathTestSuiteFilter[] = "*DeathTest:*DeathTest/*";
        -:  154:
        -:  155:// A test filter that matches everything.
        -:  156:static const char kUniversalFilter[] = "*";
        -:  157:
        -:  158:// The default output format.
        -:  159:static const char kDefaultOutputFormat[] = "xml";
        -:  160:// The default output file.
        -:  161:static const char kDefaultOutputFile[] = "test_detail";
        -:  162:
        -:  163:// The environment variable name for the test shard index.
        -:  164:static const char kTestShardIndex[] = "GTEST_SHARD_INDEX";
        -:  165:// The environment variable name for the total number of test shards.
        -:  166:static const char kTestTotalShards[] = "GTEST_TOTAL_SHARDS";
        -:  167:// The environment variable name for the test shard status file.
        -:  168:static const char kTestShardStatusFile[] = "GTEST_SHARD_STATUS_FILE";
        -:  169:
        -:  170:namespace internal {
        -:  171:
        -:  172:// The text used in failure messages to indicate the start of the
        -:  173:// stack trace.
        -:  174:const char kStackTraceMarker[] = "\nStack trace:\n";
        -:  175:
        -:  176:// g_help_flag is true if and only if the --help flag or an equivalent form
        -:  177:// is specified on the command line.
        -:  178:bool g_help_flag = false;
        -:  179:
        -:  180:// Utilty function to Open File for Writing
    #####:  181:static FILE* OpenFileForWriting(const std::string& output_file) {
    #####:  182:  FILE* fileout = nullptr;
    #####:  183:  FilePath output_file_path(output_file);
    %%%%%:  183-block  0
    $$$$$:  183-block  1
    #####:  184:  FilePath output_dir(output_file_path.RemoveFileName());
    %%%%%:  184-block  0
    $$$$$:  184-block  1
        -:  185:
    #####:  186:  if (output_dir.CreateDirectoriesRecursively()) {
    %%%%%:  186-block  0
    %%%%%:  186-block  1
    #####:  187:    fileout = posix::FOpen(output_file.c_str(), "w");
    %%%%%:  187-block  0
    %%%%%:  187-block  1
        -:  188:  }
    #####:  189:  if (fileout == nullptr) {
    %%%%%:  189-block  0
    #####:  190:    GTEST_LOG_(FATAL) << "Unable to open file \"" << output_file << "\"";
    %%%%%:  190-block  0
    %%%%%:  190-block  1
    %%%%%:  190-block  2
    %%%%%:  190-block  3
    %%%%%:  190-block  4
    $$$$$:  190-block  5
    $$$$$:  190-block  6
        -:  191:  }
    #####:  192:  return fileout;
    %%%%%:  192-block  0
    %%%%%:  192-block  1
        -:  193:}
        -:  194:
        -:  195:}  // namespace internal
        -:  196:
        -:  197:// Bazel passes in the argument to '--test_filter' via the TESTBRIDGE_TEST_ONLY
        -:  198:// environment variable.
        1:  199:static const char* GetDefaultFilter() {
        -:  200:  const char* const testbridge_test_only =
        1:  201:      internal::posix::GetEnv("TESTBRIDGE_TEST_ONLY");
        1:  201-block  0
        1:  202:  if (testbridge_test_only != nullptr) {
    #####:  203:    return testbridge_test_only;
    %%%%%:  203-block  0
        -:  204:  }
        1:  205:  return kUniversalFilter;
        1:  205-block  0
        -:  206:}
        -:  207:
        -:  208:// Bazel passes in the argument to '--test_runner_fail_fast' via the
        -:  209:// TESTBRIDGE_TEST_RUNNER_FAIL_FAST environment variable.
        1:  210:static bool GetDefaultFailFast() {
        -:  211:  const char* const testbridge_test_runner_fail_fast =
        1:  212:      internal::posix::GetEnv("TESTBRIDGE_TEST_RUNNER_FAIL_FAST");
        1:  212-block  0
        1:  213:  if (testbridge_test_runner_fail_fast != nullptr) {
    #####:  214:    return strcmp(testbridge_test_runner_fail_fast, "1") == 0;
    %%%%%:  214-block  0
        -:  215:  }
        1:  216:  return false;
        1:  216-block  0
        -:  217:}
        -:  218:
        -:  219:GTEST_DEFINE_bool_(
        -:  220:    fail_fast, internal::BoolFromGTestEnv("fail_fast", GetDefaultFailFast()),
        -:  221:    "True if and only if a test failure should stop further test execution.");
        -:  222:
        -:  223:GTEST_DEFINE_bool_(
        -:  224:    also_run_disabled_tests,
        -:  225:    internal::BoolFromGTestEnv("also_run_disabled_tests", false),
        -:  226:    "Run disabled tests too, in addition to the tests normally being run.");
        -:  227:
        -:  228:GTEST_DEFINE_bool_(
        -:  229:    break_on_failure, internal::BoolFromGTestEnv("break_on_failure", false),
        -:  230:    "True if and only if a failed assertion should be a debugger "
        -:  231:    "break-point.");
        -:  232:
        -:  233:GTEST_DEFINE_bool_(catch_exceptions,
        -:  234:                   internal::BoolFromGTestEnv("catch_exceptions", true),
        -:  235:                   "True if and only if " GTEST_NAME_
        -:  236:                   " should catch exceptions and treat them as test failures.");
        -:  237:
        -:  238:GTEST_DEFINE_string_(
        -:  239:    color,
        -:  240:    internal::StringFromGTestEnv("color", "auto"),
        -:  241:    "Whether to use colors in the output.  Valid values: yes, no, "
        -:  242:    "and auto.  'auto' means to use colors if the output is "
        -:  243:    "being sent to a terminal and the TERM environment variable "
        -:  244:    "is set to a terminal type that supports colors.");
        -:  245:
        -:  246:GTEST_DEFINE_string_(
        -:  247:    filter,
        -:  248:    internal::StringFromGTestEnv("filter", GetDefaultFilter()),
        -:  249:    "A colon-separated list of glob (not regex) patterns "
        -:  250:    "for filtering the tests to run, optionally followed by a "
        -:  251:    "'-' and a : separated list of negative patterns (tests to "
        -:  252:    "exclude).  A test is run if it matches one of the positive "
        -:  253:    "patterns and does not match any of the negative patterns.");
        -:  254:
        -:  255:GTEST_DEFINE_bool_(
        -:  256:    install_failure_signal_handler,
        -:  257:    internal::BoolFromGTestEnv("install_failure_signal_handler", false),
        -:  258:    "If true and supported on the current platform, " GTEST_NAME_ " should "
        -:  259:    "install a signal handler that dumps debugging information when fatal "
        -:  260:    "signals are raised.");
        -:  261:
        -:  262:GTEST_DEFINE_bool_(list_tests, false,
        -:  263:                   "List all tests without running them.");
        -:  264:
        -:  265:// The net priority order after flag processing is thus:
        -:  266://   --gtest_output command line flag
        -:  267://   GTEST_OUTPUT environment variable
        -:  268://   XML_OUTPUT_FILE environment variable
        -:  269://   ''
        -:  270:GTEST_DEFINE_string_(
        -:  271:    output,
        -:  272:    internal::StringFromGTestEnv("output",
        -:  273:      internal::OutputFlagAlsoCheckEnvVar().c_str()),
        -:  274:    "A format (defaults to \"xml\" but can be specified to be \"json\"), "
        -:  275:    "optionally followed by a colon and an output file name or directory. "
        -:  276:    "A directory is indicated by a trailing pathname separator. "
        -:  277:    "Examples: \"xml:filename.xml\", \"xml::directoryname/\". "
        -:  278:    "If a directory is specified, output files will be created "
        -:  279:    "within that directory, with file-names based on the test "
        -:  280:    "executable's name and, if necessary, made unique by adding "
        -:  281:    "digits.");
        -:  282:
        -:  283:GTEST_DEFINE_bool_(
        -:  284:    brief, internal::BoolFromGTestEnv("brief", false),
        -:  285:    "True if only test failures should be displayed in text output.");
        -:  286:
        -:  287:GTEST_DEFINE_bool_(print_time, internal::BoolFromGTestEnv("print_time", true),
        -:  288:                   "True if and only if " GTEST_NAME_
        -:  289:                   " should display elapsed time in text output.");
        -:  290:
        -:  291:GTEST_DEFINE_bool_(print_utf8, internal::BoolFromGTestEnv("print_utf8", true),
        -:  292:                   "True if and only if " GTEST_NAME_
        -:  293:                   " prints UTF8 characters as text.");
        -:  294:
        -:  295:GTEST_DEFINE_int32_(
        -:  296:    random_seed,
        -:  297:    internal::Int32FromGTestEnv("random_seed", 0),
        -:  298:    "Random number seed to use when shuffling test orders.  Must be in range "
        -:  299:    "[1, 99999], or 0 to use a seed based on the current time.");
        -:  300:
        -:  301:GTEST_DEFINE_int32_(
        -:  302:    repeat,
        -:  303:    internal::Int32FromGTestEnv("repeat", 1),
        -:  304:    "How many times to repeat each test.  Specify a negative number "
        -:  305:    "for repeating forever.  Useful for shaking out flaky tests.");
        -:  306:
        -:  307:GTEST_DEFINE_bool_(show_internal_stack_frames, false,
        -:  308:                   "True if and only if " GTEST_NAME_
        -:  309:                   " should include internal stack frames when "
        -:  310:                   "printing test failure stack traces.");
        -:  311:
        -:  312:GTEST_DEFINE_bool_(shuffle, internal::BoolFromGTestEnv("shuffle", false),
        -:  313:                   "True if and only if " GTEST_NAME_
        -:  314:                   " should randomize tests' order on every run.");
        -:  315:
        -:  316:GTEST_DEFINE_int32_(
        -:  317:    stack_trace_depth,
        -:  318:    internal::Int32FromGTestEnv("stack_trace_depth", kMaxStackTraceDepth),
        -:  319:    "The maximum number of stack frames to print when an "
        -:  320:    "assertion fails.  The valid range is 0 through 100, inclusive.");
        -:  321:
        -:  322:GTEST_DEFINE_string_(
        -:  323:    stream_result_to,
        -:  324:    internal::StringFromGTestEnv("stream_result_to", ""),
        -:  325:    "This flag specifies the host name and the port number on which to stream "
        -:  326:    "test results. Example: \"localhost:555\". The flag is effective only on "
        -:  327:    "Linux.");
        -:  328:
        -:  329:GTEST_DEFINE_bool_(
        -:  330:    throw_on_failure,
        -:  331:    internal::BoolFromGTestEnv("throw_on_failure", false),
        -:  332:    "When this flag is specified, a failed assertion will throw an exception "
        -:  333:    "if exceptions are enabled or exit the program with a non-zero code "
        -:  334:    "otherwise. For use with an external test framework.");
        -:  335:
        -:  336:#if GTEST_USE_OWN_FLAGFILE_FLAG_
        -:  337:GTEST_DEFINE_string_(
        -:  338:    flagfile,
        -:  339:    internal::StringFromGTestEnv("flagfile", ""),
        -:  340:    "This flag specifies the flagfile to read command-line flags from.");
        -:  341:#endif  // GTEST_USE_OWN_FLAGFILE_FLAG_
        -:  342:
        -:  343:namespace internal {
        -:  344:
        -:  345:// Generates a random number from [0, range), using a Linear
        -:  346:// Congruential Generator (LCG).  Crashes if 'range' is 0 or greater
        -:  347:// than kMaxRange.
    #####:  348:uint32_t Random::Generate(uint32_t range) {
        -:  349:  // These constants are the same as are used in glibc's rand(3).
        -:  350:  // Use wider types than necessary to prevent unsigned overflow diagnostics.
    #####:  351:  state_ = static_cast<uint32_t>(1103515245ULL*state_ + 12345U) % kMaxRange;
        -:  352:
    #####:  353:  GTEST_CHECK_(range > 0)
    %%%%%:  353-block  0
    %%%%%:  353-block  1
    %%%%%:  353-block  2
    $$$$$:  353-block  3
    $$$$$:  353-block  4
    #####:  354:      << "Cannot generate a number in the range [0, 0).";
    %%%%%:  354-block  0
    #####:  355:  GTEST_CHECK_(range <= kMaxRange)
    %%%%%:  355-block  0
    %%%%%:  355-block  1
    %%%%%:  355-block  2
    $$$$$:  355-block  3
    #####:  356:      << "Generation of a number in [0, " << range << ") was requested, "
    %%%%%:  356-block  0
    %%%%%:  356-block  1
    #####:  357:      << "but this can only generate numbers in [0, " << kMaxRange << ").";
    %%%%%:  357-block  0
    %%%%%:  357-block  1
    %%%%%:  357-block  2
    %%%%%:  357-block  3
        -:  358:
        -:  359:  // Converting via modulus introduces a bit of downward bias, but
        -:  360:  // it's simple, and a linear congruential generator isn't too good
        -:  361:  // to begin with.
    #####:  362:  return state_ % range;
    %%%%%:  362-block  0
    %%%%%:  362-block  1
        -:  363:}
        -:  364:
        -:  365:// GTestIsInitialized() returns true if and only if the user has initialized
        -:  366:// Google Test.  Useful for catching the user mistake of not initializing
        -:  367:// Google Test before calling RUN_ALL_TESTS().
        2:  368:static bool GTestIsInitialized() { return GetArgvs().size() > 0; }
        2:  368-block  0
        -:  369:
        -:  370:// Iterates over a vector of TestSuites, keeping a running sum of the
        -:  371:// results of calling a given int-returning method on each.
        -:  372:// Returns the sum.
        5:  373:static int SumOverTestSuiteList(const std::vector<TestSuite*>& case_list,
        -:  374:                                int (TestSuite::*method)() const) {
        5:  375:  int sum = 0;
       15:  376:  for (size_t i = 0; i < case_list.size(); i++) {
        5:  376-block  0
       15:  376-block  1
      10*:  377:    sum += (case_list[i]->*method)();
       10:  377-block  0
    %%%%%:  377-block  1
       10:  377-block  2
       10:  377-block  3
        -:  378:  }
        5:  379:  return sum;
        5:  379-block  0
        -:  380:}
        -:  381:
        -:  382:// Returns true if and only if the test suite passed.
    #####:  383:static bool TestSuitePassed(const TestSuite* test_suite) {
    #####:  384:  return test_suite->should_run() && test_suite->Passed();
    %%%%%:  384-block  0
    %%%%%:  384-block  1
    %%%%%:  384-block  2
    %%%%%:  384-block  3
    %%%%%:  384-block  4
        -:  385:}
        -:  386:
        -:  387:// Returns true if and only if the test suite failed.
        4:  388:static bool TestSuiteFailed(const TestSuite* test_suite) {
       4*:  389:  return test_suite->should_run() && test_suite->Failed();
        4:  389-block  0
        4:  389-block  1
    %%%%%:  389-block  2
        4:  389-block  3
        4:  389-block  4
        -:  390:}
        -:  391:
        -:  392:// Returns true if and only if test_suite contains at least one test that
        -:  393:// should run.
        4:  394:static bool ShouldRunTestSuite(const TestSuite* test_suite) {
        4:  395:  return test_suite->should_run();
        4:  395-block  0
        -:  396:}
        -:  397:
        -:  398:// AssertHelper constructor.
    #####:  399:AssertHelper::AssertHelper(TestPartResult::Type type,
        -:  400:                           const char* file,
        -:  401:                           int line,
    #####:  402:                           const char* message)
    #####:  403:    : data_(new AssertHelperData(type, file, line, message)) {
    %%%%%:  403-block  0
    $$$$$:  403-block  1
    #####:  404:}
    %%%%%:  404-block  0
        -:  405:
    #####:  406:AssertHelper::~AssertHelper() {
    #####:  407:  delete data_;
    %%%%%:  407-block  0
    %%%%%:  407-block  1
    #####:  408:}
        -:  409:
        -:  410:// Message assignment, for assertion streaming support.
    #####:  411:void AssertHelper::operator=(const Message& message) const {
        -:  412:  UnitTest::GetInstance()->
    #####:  413:    AddTestPartResult(data_->type, data_->file, data_->line,
    %%%%%:  413-block  0
    %%%%%:  413-block  1
    #####:  414:                      AppendUserMessage(data_->message, message),
    %%%%%:  414-block  0
    $$$$$:  414-block  1
    $$$$$:  414-block  2
        -:  415:                      UnitTest::GetInstance()->impl()
    #####:  416:                      ->CurrentOsStackTraceExceptTop(1)
    $$$$$:  416-block  0
        -:  417:                      // Skips the stack frame for this function itself.
        -:  418:                      );  // NOLINT
    #####:  419:}
        -:  420:
        -:  421:namespace {
        -:  422:
        -:  423:// When TEST_P is found without a matching INSTANTIATE_TEST_SUITE_P
        -:  424:// to creates test cases for it, a syntetic test case is
        -:  425:// inserted to report ether an error or a log message.
        -:  426://
        -:  427:// This configuration bit will likely be removed at some point.
        -:  428:constexpr bool kErrorOnUninstantiatedParameterizedTest = true;
        -:  429:constexpr bool kErrorOnUninstantiatedTypeParameterizedTest = true;
        -:  430:
        -:  431:// A test that fails at a given file/line location with a given message.
        -:  432:class FailureTest : public Test {
        -:  433: public:
    #####:  434:  explicit FailureTest(const CodeLocation& loc, std::string error_message,
        -:  435:                       bool as_error)
    #####:  436:      : loc_(loc),
    #####:  437:        error_message_(std::move(error_message)),
    #####:  438:        as_error_(as_error) {}
    %%%%%:  438-block  0
    %%%%%:  438-block  1
    $$$$$:  438-block  2
        -:  439:
    #####:  440:  void TestBody() override {
    #####:  441:    if (as_error_) {
    %%%%%:  441-block  0
    #####:  442:      AssertHelper(TestPartResult::kNonFatalFailure, loc_.file.c_str(),
    %%%%%:  442-block  0
    $$$$$:  442-block  1
    $$$$$:  442-block  2
    #####:  443:                   loc_.line, "") = Message() << error_message_;
    %%%%%:  443-block  0
    %%%%%:  443-block  1
    %%%%%:  443-block  2
    $$$$$:  443-block  3
        -:  444:    } else {
    #####:  445:      std::cout << error_message_ << std::endl;
    %%%%%:  445-block  0
        -:  446:    }
    #####:  447:  }
    %%%%%:  447-block  0
        -:  448:
        -:  449: private:
        -:  450:  const CodeLocation loc_;
        -:  451:  const std::string error_message_;
        -:  452:  const bool as_error_;
        -:  453:};
        -:  454:
        -:  455:
        -:  456:}  // namespace
        -:  457:
        1:  458:std::set<std::string>* GetIgnoredParameterizedTestSuites() {
        1:  459:  return UnitTest::GetInstance()->impl()->ignored_parameterized_test_suites();
        1:  459-block  0
        -:  460:}
        -:  461:
        -:  462:// Add a given test_suit to the list of them allow to go un-instantiated.
    #####:  463:MarkAsIgnored::MarkAsIgnored(const char* test_suite) {
    #####:  464:  GetIgnoredParameterizedTestSuites()->insert(test_suite);
    %%%%%:  464-block  0
    %%%%%:  464-block  1
    %%%%%:  464-block  2
    $$$$$:  464-block  3
    $$$$$:  464-block  4
    $$$$$:  464-block  5
    #####:  465:}
        -:  466:
        -:  467:// If this parameterized test suite has no instantiations (and that
        -:  468:// has not been marked as okay), emit a test case reporting that.
    #####:  469:void InsertSyntheticTestCase(const std::string& name, CodeLocation location,
        -:  470:                             bool has_test_p) {
    #####:  471:  const auto& ignored = *GetIgnoredParameterizedTestSuites();
    %%%%%:  471-block  0
    #####:  472:  if (ignored.find(name) != ignored.end()) return;
    %%%%%:  472-block  0
    %%%%%:  472-block  1
    %%%%%:  472-block  2
    $$$$$:  472-block  3
        -:  473:
    #####:  474:  const char kMissingInstantiation[] =  //
        -:  475:      " is defined via TEST_P, but never instantiated. None of the test cases "
        -:  476:      "will run. Either no INSTANTIATE_TEST_SUITE_P is provided or the only "
        -:  477:      "ones provided expand to nothing."
        -:  478:      "\n\n"
        -:  479:      "Ideally, TEST_P definitions should only ever be included as part of "
        -:  480:      "binaries that intend to use them. (As opposed to, for example, being "
        -:  481:      "placed in a library that may be linked in to get other utilities.)";
        -:  482:
    #####:  483:  const char kMissingTestCase[] =  //
        -:  484:      " is instantiated via INSTANTIATE_TEST_SUITE_P, but no tests are "
        -:  485:      "defined via TEST_P . No test cases will run."
        -:  486:      "\n\n"
        -:  487:      "Ideally, INSTANTIATE_TEST_SUITE_P should only ever be invoked from "
        -:  488:      "code that always depend on code that provides TEST_P. Failing to do "
        -:  489:      "so is often an indication of dead code, e.g. the last TEST_P was "
        -:  490:      "removed but the rest got left behind.";
        -:  491:
        -:  492:  std::string message =
    #####:  493:      "Parameterized test suite " + name +
    %%%%%:  493-block  0
    %%%%%:  493-block  1
    %%%%%:  493-block  2
    %%%%%:  493-block  3
    %%%%%:  493-block  4
    $$$$$:  493-block  5
    $$$$$:  493-block  6
    #####:  494:      (has_test_p ? kMissingInstantiation : kMissingTestCase) +
    %%%%%:  494-block  0
    $$$$$:  494-block  1
        -:  495:      "\n\n"
        -:  496:      "To suppress this error for this test suite, insert the following line "
        -:  497:      "(in a non-header) in the namespace it is defined in:"
        -:  498:      "\n\n"
    #####:  499:      "GTEST_ALLOW_UNINSTANTIATED_PARAMETERIZED_TEST(" + name + ");";
    %%%%%:  499-block  0
    %%%%%:  499-block  1
    $$$$$:  499-block  2
    $$$$$:  499-block  3
        -:  500:
    #####:  501:  std::string full_name = "UninstantiatedParameterizedTestSuite<" + name + ">";
    %%%%%:  501-block  0
    $$$$$:  501-block  1
    $$$$$:  501-block  2
    #####:  502:  RegisterTest(  //
    %%%%%:  502-block  0
    %%%%%:  502-block  1
    %%%%%:  502-block  2
    $$$$$:  502-block  3
    $$$$$:  502-block  4
        -:  503:      "GoogleTestVerification", full_name.c_str(),
        -:  504:      nullptr,  // No type parameter.
        -:  505:      nullptr,  // No value parameter.
    #####:  506:      location.file.c_str(), location.line, [message, location] {
    #####:  507:        return new FailureTest(location, message,
    #####:  508:                               kErrorOnUninstantiatedParameterizedTest);
    %%%%%:  508-block  0
    %%%%%:  508-block  1
    %%%%%:  508-block  2
    %%%%%:  508-block  3
    $$$$$:  508-block  4
    $$$$$:  508-block  5
        -:  509:      });
        -:  510:}
        -:  511:
    #####:  512:void RegisterTypeParameterizedTestSuite(const char* test_suite_name,
        -:  513:                                        CodeLocation code_location) {
    #####:  514:  GetUnitTestImpl()->type_parameterized_test_registry().RegisterTestSuite(
    %%%%%:  514-block  0
    %%%%%:  514-block  1
    $$$$$:  514-block  2
        -:  515:      test_suite_name, code_location);
    #####:  516:}
        -:  517:
    #####:  518:void RegisterTypeParameterizedTestSuiteInstantiation(const char* case_name) {
        -:  519:  GetUnitTestImpl()
    #####:  520:      ->type_parameterized_test_registry()
    %%%%%:  520-block  0
    #####:  521:      .RegisterInstantiation(case_name);
    #####:  522:}
        -:  523:
    #####:  524:void TypeParameterizedTestSuiteRegistry::RegisterTestSuite(
        -:  525:    const char* test_suite_name, CodeLocation code_location) {
    #####:  526:  suites_.emplace(std::string(test_suite_name),
    %%%%%:  526-block  0
    %%%%%:  526-block  1
    $$$$$:  526-block  2
    $$$$$:  526-block  3
    $$$$$:  526-block  4
    $$$$$:  526-block  5
    #####:  527:                 TypeParameterizedTestSuiteInfo(code_location));
    %%%%%:  527-block  0
    %%%%%:  527-block  1
    $$$$$:  527-block  2
    $$$$$:  527-block  3
    $$$$$:  527-block  4
    #####:  528:}
        -:  529:
    #####:  530:void TypeParameterizedTestSuiteRegistry::RegisterInstantiation(
        -:  531:        const char* test_suite_name) {
    #####:  532:  auto it = suites_.find(std::string(test_suite_name));
    %%%%%:  532-block  0
    %%%%%:  532-block  1
    %%%%%:  532-block  2
    $$$$$:  532-block  3
    $$$$$:  532-block  4
    $$$$$:  532-block  5
    $$$$$:  532-block  6
    #####:  533:  if (it != suites_.end()) {
    #####:  534:    it->second.instantiated = true;
    %%%%%:  534-block  0
        -:  535:  } else {
    #####:  536:    GTEST_LOG_(ERROR) << "Unknown type parameterized test suit '"
    %%%%%:  536-block  0
    %%%%%:  536-block  1
    %%%%%:  536-block  2
    $$$$$:  536-block  3
    $$$$$:  536-block  4
    #####:  537:                      << test_suite_name << "'";
    %%%%%:  537-block  0
    %%%%%:  537-block  1
        -:  538:  }
    #####:  539:}
    %%%%%:  539-block  0
        -:  540:
        1:  541:void TypeParameterizedTestSuiteRegistry::CheckForInstantiations() {
        1:  542:  const auto& ignored = *GetIgnoredParameterizedTestSuites();
        1:  542-block  0
       1*:  543:  for (const auto& testcase : suites_) {
        1:  543-block  0
    %%%%%:  543-block  1
    %%%%%:  543-block  2
    #####:  544:    if (testcase.second.instantiated) continue;
    %%%%%:  544-block  0
    %%%%%:  544-block  1
    #####:  545:    if (ignored.find(testcase.first) != ignored.end()) continue;
    %%%%%:  545-block  0
    %%%%%:  545-block  1
    %%%%%:  545-block  2
    $$$$$:  545-block  3
        -:  546:
        -:  547:    std::string message =
    #####:  548:        "Type parameterized test suite " + testcase.first +
    %%%%%:  548-block  0
    $$$$$:  548-block  1
    $$$$$:  548-block  2
        -:  549:        " is defined via REGISTER_TYPED_TEST_SUITE_P, but never instantiated "
        -:  550:        "via INSTANTIATE_TYPED_TEST_SUITE_P. None of the test cases will run."
        -:  551:        "\n\n"
        -:  552:        "Ideally, TYPED_TEST_P definitions should only ever be included as "
        -:  553:        "part of binaries that intend to use them. (As opposed to, for "
        -:  554:        "example, being placed in a library that may be linked in to get other "
        -:  555:        "utilities.)"
        -:  556:        "\n\n"
        -:  557:        "To suppress this error for this test suite, insert the following line "
        -:  558:        "(in a non-header) in the namespace it is definedin in:"
        -:  559:        "\n\n"
    #####:  560:        "GTEST_ALLOW_UNINSTANTIATED_PARAMETERIZED_TEST(" +
    %%%%%:  560-block  0
    $$$$$:  560-block  1
    #####:  561:        testcase.first + ");";
    %%%%%:  561-block  0
    %%%%%:  561-block  1
    $$$$$:  561-block  2
        -:  562:
        -:  563:    std::string full_name =
    #####:  564:        "UninstantiatedTypeParameterizedTestSuite<" + testcase.first + ">";
    %%%%%:  564-block  0
    $$$$$:  564-block  1
    $$$$$:  564-block  2
    #####:  565:    RegisterTest(  //
    %%%%%:  565-block  0
    %%%%%:  565-block  1
    $$$$$:  565-block  2
    $$$$$:  565-block  3
        -:  566:        "GoogleTestVerification", full_name.c_str(),
        -:  567:        nullptr,  // No type parameter.
        -:  568:        nullptr,  // No value parameter.
        -:  569:        testcase.second.code_location.file.c_str(),
    #####:  570:        testcase.second.code_location.line, [message, testcase] {
    %%%%%:  570-block  0
    #####:  571:          return new FailureTest(testcase.second.code_location, message,
    #####:  572:                                 kErrorOnUninstantiatedTypeParameterizedTest);
    %%%%%:  572-block  0
    %%%%%:  572-block  1
    %%%%%:  572-block  2
    %%%%%:  572-block  3
    $$$$$:  572-block  4
    $$$$$:  572-block  5
        -:  573:        });
        -:  574:  }
        1:  575:}
        1:  575-block  0
        -:  576:
        -:  577:// A copy of all command line arguments.  Set by InitGoogleTest().
        -:  578:static ::std::vector<std::string> g_argvs;
        -:  579:
        2:  580:::std::vector<std::string> GetArgvs() {
        -:  581:#if defined(GTEST_CUSTOM_GET_ARGVS_)
        -:  582:  // GTEST_CUSTOM_GET_ARGVS_() may return a container of std::string or
        -:  583:  // ::string. This code converts it to the appropriate type.
        -:  584:  const auto& custom = GTEST_CUSTOM_GET_ARGVS_();
        -:  585:  return ::std::vector<std::string>(custom.begin(), custom.end());
        -:  586:#else   // defined(GTEST_CUSTOM_GET_ARGVS_)
        2:  587:  return g_argvs;
        2:  587-block  0
        -:  588:#endif  // defined(GTEST_CUSTOM_GET_ARGVS_)
        -:  589:}
        -:  590:
        -:  591:// Returns the current application's name, removing directory path if that
        -:  592:// is present.
    #####:  593:FilePath GetCurrentExecutableName() {
    #####:  594:  FilePath result;
    %%%%%:  594-block  0
    %%%%%:  594-block  1
    $$$$$:  594-block  2
        -:  595:
        -:  596:#if GTEST_OS_WINDOWS || GTEST_OS_OS2
        -:  597:  result.Set(FilePath(GetArgvs()[0]).RemoveExtension("exe"));
        -:  598:#else
    #####:  599:  result.Set(FilePath(GetArgvs()[0]));
    %%%%%:  599-block  0
    %%%%%:  599-block  1
    %%%%%:  599-block  2
    %%%%%:  599-block  3
    $$$$$:  599-block  4
    $$$$$:  599-block  5
    $$$$$:  599-block  6
    $$$$$:  599-block  7
        -:  600:#endif  // GTEST_OS_WINDOWS
        -:  601:
    #####:  602:  return result.RemoveDirectoryName();
    %%%%%:  602-block  0
        -:  603:}
        -:  604:
        -:  605:// Functions for processing the gtest_output flag.
        -:  606:
        -:  607:// Returns the output format, or "" for normal printed output.
        1:  608:std::string UnitTestOptions::GetOutputFormat() {
        1:  609:  const char* const gtest_output_flag = GTEST_FLAG(output).c_str();
        1:  609-block  0
        1:  610:  const char* const colon = strchr(gtest_output_flag, ':');
        -:  611:  return (colon == nullptr)
        -:  612:             ? std::string(gtest_output_flag)
        -:  613:             : std::string(gtest_output_flag,
       1*:  614:                           static_cast<size_t>(colon - gtest_output_flag));
        1:  614-block  0
    %%%%%:  614-block  1
        1:  614-block  2
    %%%%%:  614-block  3
        1:  614-block  4
        1:  614-block  5
        1:  614-block  6
        1:  614-block  7
    $$$$$:  614-block  8
    $$$$$:  614-block  9
    $$$$$:  614-block 10
    $$$$$:  614-block 11
    $$$$$:  614-block 12
        -:  615:}
        -:  616:
        -:  617:// Returns the name of the requested output file, or the default if none
        -:  618:// was explicitly specified.
    #####:  619:std::string UnitTestOptions::GetAbsolutePathToOutputFile() {
    #####:  620:  const char* const gtest_output_flag = GTEST_FLAG(output).c_str();
    %%%%%:  620-block  0
        -:  621:
    #####:  622:  std::string format = GetOutputFormat();
    %%%%%:  622-block  0
    $$$$$:  622-block  1
    #####:  623:  if (format.empty())
    %%%%%:  623-block  0
    #####:  624:    format = std::string(kDefaultOutputFormat);
    %%%%%:  624-block  0
    %%%%%:  624-block  1
    $$$$$:  624-block  2
    $$$$$:  624-block  3
        -:  625:
    #####:  626:  const char* const colon = strchr(gtest_output_flag, ':');
    #####:  627:  if (colon == nullptr)
    %%%%%:  627-block  0
    #####:  628:    return internal::FilePath::MakeFileName(
    %%%%%:  628-block  0
    %%%%%:  628-block  1
    %%%%%:  628-block  2
    $$$$$:  628-block  3
    $$$$$:  628-block  4
    #####:  629:        internal::FilePath(
    %%%%%:  629-block  0
    %%%%%:  629-block  1
    %%%%%:  629-block  2
    $$$$$:  629-block  3
    $$$$$:  629-block  4
    $$$$$:  629-block  5
    $$$$$:  629-block  6
    $$$$$:  629-block  7
    $$$$$:  629-block  8
        -:  630:            UnitTest::GetInstance()->original_working_dir()),
    #####:  631:        internal::FilePath(kDefaultOutputFile), 0,
    %%%%%:  631-block  0
    $$$$$:  631-block  1
    $$$$$:  631-block  2
    $$$$$:  631-block  3
    $$$$$:  631-block  4
    $$$$$:  631-block  5
    $$$$$:  631-block  6
    #####:  632:        format.c_str()).string();
    %%%%%:  632-block  0
        -:  633:
    #####:  634:  internal::FilePath output_name(colon + 1);
    %%%%%:  634-block  0
    %%%%%:  634-block  1
    %%%%%:  634-block  2
    $$$$$:  634-block  3
    $$$$$:  634-block  4
    $$$$$:  634-block  5
    #####:  635:  if (!output_name.IsAbsolutePath())
    #####:  636:    output_name = internal::FilePath::ConcatPaths(
    %%%%%:  636-block  0
    %%%%%:  636-block  1
    $$$$$:  636-block  2
    $$$$$:  636-block  3
    #####:  637:        internal::FilePath(UnitTest::GetInstance()->original_working_dir()),
    %%%%%:  637-block  0
    %%%%%:  637-block  1
    %%%%%:  637-block  2
    $$$$$:  637-block  3
    $$$$$:  637-block  4
    $$$$$:  637-block  5
    $$$$$:  637-block  6
    $$$$$:  637-block  7
    $$$$$:  637-block  8
    #####:  638:        internal::FilePath(colon + 1));
    %%%%%:  638-block  0
    %%%%%:  638-block  1
    %%%%%:  638-block  2
    $$$$$:  638-block  3
    $$$$$:  638-block  4
    $$$$$:  638-block  5
    $$$$$:  638-block  6
    $$$$$:  638-block  7
    $$$$$:  638-block  8
        -:  639:
    #####:  640:  if (!output_name.IsDirectory())
    %%%%%:  640-block  0
    #####:  641:    return output_name.string();
    %%%%%:  641-block  0
        -:  642:
        -:  643:  internal::FilePath result(internal::FilePath::GenerateUniqueFileName(
    #####:  644:      output_name, internal::GetCurrentExecutableName(),
    $$$$$:  644-block  0
    #####:  645:      GetOutputFormat().c_str()));
    %%%%%:  645-block  0
    %%%%%:  645-block  1
    %%%%%:  645-block  2
    %%%%%:  645-block  3
    $$$$$:  645-block  4
    $$$$$:  645-block  5
    #####:  646:  return result.string();
        -:  647:}
        -:  648:
        -:  649:// Returns true if and only if the wildcard pattern matches the string.
        -:  650:// The first ':' or '\0' character in pattern marks the end of it.
        -:  651://
        -:  652:// This recursive algorithm isn't very efficient, but is clear and
        -:  653:// works well enough for matching test names, which are short.
      204:  654:bool UnitTestOptions::PatternMatchesString(const char *pattern,
        -:  655:                                           const char *str) {
      204:  656:  switch (*pattern) {
      204:  656-block  0
        4:  657:    case '\0':
        -:  658:    case ':':  // Either ':' or '\0' marks the end of the pattern.
        4:  659:      return *str == '\0';
        4:  659-block  0
    #####:  660:    case '?':  // Matches any single character.
    #####:  661:      return *str != '\0' && PatternMatchesString(pattern + 1, str + 1);
    %%%%%:  661-block  0
    %%%%%:  661-block  1
    %%%%%:  661-block  2
    %%%%%:  661-block  3
    %%%%%:  661-block  4
      120:  662:    case '*':  // Matches any string (possibly empty) of characters.
      198:  663:      return (*str != '\0' && PatternMatchesString(pattern, str + 1)) ||
      120:  663-block  0
      110:  663-block  1
       44:  663-block  2
       76:  663-block  3
      198:  664:          PatternMatchesString(pattern + 1, str);
       78:  664-block  0
      120:  664-block  1
       80:  665:    default:  // Non-special character.  Matches itself.
      80*:  666:      return *pattern == *str &&
       80:  666-block  0
    %%%%%:  666-block  1
       80:  666-block  2
      80*:  667:          PatternMatchesString(pattern + 1, str + 1);
    %%%%%:  667-block  0
       80:  667-block  1
        -:  668:  }
        -:  669:}
        -:  670:
       10:  671:bool UnitTestOptions::MatchesFilter(
        -:  672:    const std::string& name, const char* filter) {
       10:  673:  const char *cur_pattern = filter;
       10:  673-block  0
        -:  674:  for (;;) {
       16:  675:    if (PatternMatchesString(cur_pattern, name.c_str())) {
       16:  675-block  0
        2:  676:      return true;
        2:  676-block  0
        -:  677:    }
        -:  678:
        -:  679:    // Finds the next pattern in the filter.
       14:  680:    cur_pattern = strchr(cur_pattern, ':');
        -:  681:
        -:  682:    // Returns if no more pattern can be found.
       14:  683:    if (cur_pattern == nullptr) {
       14:  683-block  0
        8:  684:      return false;
        8:  684-block  0
        -:  685:    }
        -:  686:
        -:  687:    // Skips the pattern separater (the ':' character).
        6:  688:    cur_pattern++;
        6:  688-block  0
        -:  689:  }
        -:  690:}
        -:  691:
        -:  692:// Returns true if and only if the user-specified filter matches the test
        -:  693:// suite name and the test name.
        2:  694:bool UnitTestOptions::FilterMatchesTest(const std::string& test_suite_name,
        -:  695:                                        const std::string& test_name) {
        4:  696:  const std::string& full_name = test_suite_name + "." + test_name.c_str();
        2:  696-block  0
        2:  696-block  1
        2:  696-block  2
    $$$$$:  696-block  3
    $$$$$:  696-block  4
    $$$$$:  696-block  5
        -:  697:
        -:  698:  // Split --gtest_filter at '-', if there is one, to separate into
        -:  699:  // positive filter and negative filter portions
        2:  700:  const char* const p = GTEST_FLAG(filter).c_str();
        2:  701:  const char* const dash = strchr(p, '-');
        4:  702:  std::string positive;
    $$$$$:  702-block  0
        2:  703:  std::string negative;
    $$$$$:  703-block  0
        2:  704:  if (dash == nullptr) {
        2:  705:    positive = GTEST_FLAG(filter).c_str();  // Whole string is a positive filter
        2:  705-block  0
        2:  706:    negative = "";
        2:  706-block  0
        -:  707:  } else {
    #####:  708:    positive = std::string(p, dash);   // Everything up to the dash
    %%%%%:  708-block  0
    %%%%%:  708-block  1
    $$$$$:  708-block  2
    $$$$$:  708-block  3
    #####:  709:    negative = std::string(dash + 1);  // Everything after the dash
    %%%%%:  709-block  0
    $$$$$:  709-block  1
    $$$$$:  709-block  2
    #####:  710:    if (positive.empty()) {
        -:  711:      // Treat '-test1' as the same as '*-test1'
    #####:  712:      positive = kUniversalFilter;
    %%%%%:  712-block  0
        -:  713:    }
        -:  714:  }
        -:  715:
        -:  716:  // A filter is a colon-separated list of patterns.  It matches a
        -:  717:  // test if any pattern in it matches the test.
       4*:  718:  return (MatchesFilter(full_name, positive.c_str()) &&
        2:  718-block  0
        2:  718-block  1
        2:  718-block  2
    %%%%%:  718-block  3
        6:  719:          !MatchesFilter(full_name, negative.c_str()));
        2:  719-block  0
        2:  719-block  1
        2:  719-block  2
        2:  719-block  3
        -:  720:}
        -:  721:
        -:  722:#if GTEST_HAS_SEH
        -:  723:// Returns EXCEPTION_EXECUTE_HANDLER if Google Test should handle the
        -:  724:// given SEH exception, or EXCEPTION_CONTINUE_SEARCH otherwise.
        -:  725:// This function is useful as an __except condition.
        -:  726:int UnitTestOptions::GTestShouldProcessSEH(DWORD exception_code) {
        -:  727:  // Google Test should handle a SEH exception if:
        -:  728:  //   1. the user wants it to, AND
        -:  729:  //   2. this is not a breakpoint exception, AND
        -:  730:  //   3. this is not a C++ exception (VC++ implements them via SEH,
        -:  731:  //      apparently).
        -:  732:  //
        -:  733:  // SEH exception code for C++ exceptions.
        -:  734:  // (see http://support.microsoft.com/kb/185294 for more information).
        -:  735:  const DWORD kCxxExceptionCode = 0xe06d7363;
        -:  736:
        -:  737:  bool should_handle = true;
        -:  738:
        -:  739:  if (!GTEST_FLAG(catch_exceptions))
        -:  740:    should_handle = false;
        -:  741:  else if (exception_code == EXCEPTION_BREAKPOINT)
        -:  742:    should_handle = false;
        -:  743:  else if (exception_code == kCxxExceptionCode)
        -:  744:    should_handle = false;
        -:  745:
        -:  746:  return should_handle ? EXCEPTION_EXECUTE_HANDLER : EXCEPTION_CONTINUE_SEARCH;
        -:  747:}
        -:  748:#endif  // GTEST_HAS_SEH
        -:  749:
        -:  750:}  // namespace internal
        -:  751:
        -:  752:// The c'tor sets this object as the test part result reporter used by
        -:  753:// Google Test.  The 'result' parameter specifies where to report the
        -:  754:// results. Intercepts only failures from the current thread.
    #####:  755:ScopedFakeTestPartResultReporter::ScopedFakeTestPartResultReporter(
    #####:  756:    TestPartResultArray* result)
        -:  757:    : intercept_mode_(INTERCEPT_ONLY_CURRENT_THREAD),
    #####:  758:      result_(result) {
    %%%%%:  758-block  0
    $$$$$:  758-block  1
    #####:  759:  Init();
    #####:  760:}
    %%%%%:  760-block  0
        -:  761:
        -:  762:// The c'tor sets this object as the test part result reporter used by
        -:  763:// Google Test.  The 'result' parameter specifies where to report the
        -:  764:// results.
    #####:  765:ScopedFakeTestPartResultReporter::ScopedFakeTestPartResultReporter(
    #####:  766:    InterceptMode intercept_mode, TestPartResultArray* result)
        -:  767:    : intercept_mode_(intercept_mode),
    #####:  768:      result_(result) {
    %%%%%:  768-block  0
    $$$$$:  768-block  1
    #####:  769:  Init();
    #####:  770:}
    %%%%%:  770-block  0
        -:  771:
    #####:  772:void ScopedFakeTestPartResultReporter::Init() {
    #####:  773:  internal::UnitTestImpl* const impl = internal::GetUnitTestImpl();
    %%%%%:  773-block  0
    #####:  774:  if (intercept_mode_ == INTERCEPT_ALL_THREADS) {
    #####:  775:    old_reporter_ = impl->GetGlobalTestPartResultReporter();
    %%%%%:  775-block  0
    #####:  776:    impl->SetGlobalTestPartResultReporter(this);
        -:  777:  } else {
    #####:  778:    old_reporter_ = impl->GetTestPartResultReporterForCurrentThread();
    %%%%%:  778-block  0
    #####:  779:    impl->SetTestPartResultReporterForCurrentThread(this);
        -:  780:  }
    #####:  781:}
        -:  782:
        -:  783:// The d'tor restores the test part result reporter used by Google Test
        -:  784:// before.
    #####:  785:ScopedFakeTestPartResultReporter::~ScopedFakeTestPartResultReporter() {
    #####:  786:  internal::UnitTestImpl* const impl = internal::GetUnitTestImpl();
    #####:  787:  if (intercept_mode_ == INTERCEPT_ALL_THREADS) {
    #####:  788:    impl->SetGlobalTestPartResultReporter(old_reporter_);
        -:  789:  } else {
    #####:  790:    impl->SetTestPartResultReporterForCurrentThread(old_reporter_);
        -:  791:  }
    #####:  792:}
------------------
_ZN7testing32ScopedFakeTestPartResultReporterD0Ev:
    #####:  785:ScopedFakeTestPartResultReporter::~ScopedFakeTestPartResultReporter() {
        -:  786:  internal::UnitTestImpl* const impl = internal::GetUnitTestImpl();
        -:  787:  if (intercept_mode_ == INTERCEPT_ALL_THREADS) {
        -:  788:    impl->SetGlobalTestPartResultReporter(old_reporter_);
        -:  789:  } else {
        -:  790:    impl->SetTestPartResultReporterForCurrentThread(old_reporter_);
        -:  791:  }
    #####:  792:}
    %%%%%:  792-block  0
------------------
_ZN7testing32ScopedFakeTestPartResultReporterD2Ev:
    #####:  785:ScopedFakeTestPartResultReporter::~ScopedFakeTestPartResultReporter() {
    %%%%%:  785-block  0
    #####:  786:  internal::UnitTestImpl* const impl = internal::GetUnitTestImpl();
    %%%%%:  786-block  0
    #####:  787:  if (intercept_mode_ == INTERCEPT_ALL_THREADS) {
    #####:  788:    impl->SetGlobalTestPartResultReporter(old_reporter_);
    %%%%%:  788-block  0
        -:  789:  } else {
    #####:  790:    impl->SetTestPartResultReporterForCurrentThread(old_reporter_);
    %%%%%:  790-block  0
        -:  791:  }
    #####:  792:}
------------------
        -:  793:
        -:  794:// Increments the test part result count and remembers the result.
        -:  795:// This method is from the TestPartResultReporterInterface interface.
    #####:  796:void ScopedFakeTestPartResultReporter::ReportTestPartResult(
        -:  797:    const TestPartResult& result) {
    #####:  798:  result_->Append(result);
    %%%%%:  798-block  0
    #####:  799:}
        -:  800:
        -:  801:namespace internal {
        -:  802:
        -:  803:// Returns the type ID of ::testing::Test.  We should always call this
        -:  804:// instead of GetTypeId< ::testing::Test>() to get the type ID of
        -:  805:// testing::Test.  This is to work around a suspected linker bug when
        -:  806:// using Google Test as a framework on Mac OS X.  The bug causes
        -:  807:// GetTypeId< ::testing::Test>() to return different values depending
        -:  808:// on whether the call is from the Google Test framework itself or
        -:  809:// from user test code.  GetTestTypeId() is guaranteed to always
        -:  810:// return the same value, as it always calls GetTypeId<>() from the
        -:  811:// gtest.cc, which is within the Google Test framework.
        3:  812:TypeId GetTestTypeId() {
        3:  813:  return GetTypeId<Test>();
        3:  813-block  0
        -:  814:}
        -:  815:
        -:  816:// The value of GetTestTypeId() as seen from within the Google Test
        -:  817:// library.  This is solely for testing GetTestTypeId().
        -:  818:extern const TypeId kTestTypeIdInGoogleTest = GetTestTypeId();
        -:  819:
        -:  820:// This predicate-formatter checks that 'results' contains a test part
        -:  821:// failure of the given type and that the failure message contains the
        -:  822:// given substring.
    #####:  823:static AssertionResult HasOneFailure(const char* /* results_expr */,
        -:  824:                                     const char* /* type_expr */,
        -:  825:                                     const char* /* substr_expr */,
        -:  826:                                     const TestPartResultArray& results,
        -:  827:                                     TestPartResult::Type type,
        -:  828:                                     const std::string& substr) {
        -:  829:  const std::string expected(type == TestPartResult::kFatalFailure ?
        -:  830:                        "1 fatal failure" :
    #####:  831:                        "1 non-fatal failure");
    %%%%%:  831-block  0
    %%%%%:  831-block  1
    %%%%%:  831-block  2
    %%%%%:  831-block  3
    $$$$$:  831-block  4
    $$$$$:  831-block  5
    #####:  832:  Message msg;
    %%%%%:  832-block  0
    $$$$$:  832-block  1
    #####:  833:  if (results.size() != 1) {
    %%%%%:  833-block  0
    #####:  834:    msg << "Expected: " << expected << "\n"
    %%%%%:  834-block  0
    %%%%%:  834-block  1
    %%%%%:  834-block  2
    #####:  835:        << "  Actual: " << results.size() << " failures";
    %%%%%:  835-block  0
    %%%%%:  835-block  1
    %%%%%:  835-block  2
    $$$$$:  835-block  3
    #####:  836:    for (int i = 0; i < results.size(); i++) {
    %%%%%:  836-block  0
    %%%%%:  836-block  1
    %%%%%:  836-block  2
    #####:  837:      msg << "\n" << results.GetTestPartResult(i);
    %%%%%:  837-block  0
    %%%%%:  837-block  1
    %%%%%:  837-block  2
        -:  838:    }
    #####:  839:    return AssertionFailure() << msg;
    %%%%%:  839-block  0
    %%%%%:  839-block  1
    %%%%%:  839-block  2
    %%%%%:  839-block  3
    $$$$$:  839-block  4
    $$$$$:  839-block  5
        -:  840:  }
        -:  841:
    #####:  842:  const TestPartResult& r = results.GetTestPartResult(0);
    %%%%%:  842-block  0
    #####:  843:  if (r.type() != type) {
    %%%%%:  843-block  0
    #####:  844:    return AssertionFailure() << "Expected: " << expected << "\n"
    %%%%%:  844-block  0
    %%%%%:  844-block  1
    %%%%%:  844-block  2
    %%%%%:  844-block  3
    %%%%%:  844-block  4
    $$$$$:  844-block  5
    $$$$$:  844-block  6
    #####:  845:                              << "  Actual:\n"
    %%%%%:  845-block  0
    #####:  846:                              << r;
    %%%%%:  846-block  0
    %%%%%:  846-block  1
        -:  847:  }
        -:  848:
    #####:  849:  if (strstr(r.message(), substr.c_str()) == nullptr) {
    %%%%%:  849-block  0
    #####:  850:    return AssertionFailure() << "Expected: " << expected << " containing \""
    %%%%%:  850-block  0
    %%%%%:  850-block  1
    %%%%%:  850-block  2
    %%%%%:  850-block  3
    %%%%%:  850-block  4
    $$$$$:  850-block  5
    $$$$$:  850-block  6
    #####:  851:                              << substr << "\"\n"
    %%%%%:  851-block  0
    %%%%%:  851-block  1
    #####:  852:                              << "  Actual:\n"
    %%%%%:  852-block  0
    #####:  853:                              << r;
    %%%%%:  853-block  0
    %%%%%:  853-block  1
        -:  854:  }
        -:  855:
    #####:  856:  return AssertionSuccess();
    %%%%%:  856-block  0
        -:  857:}
        -:  858:
        -:  859:// The constructor of SingleFailureChecker remembers where to look up
        -:  860:// test part results, what type of failure we expect, and what
        -:  861:// substring the failure message should contain.
    #####:  862:SingleFailureChecker::SingleFailureChecker(const TestPartResultArray* results,
        -:  863:                                           TestPartResult::Type type,
    #####:  864:                                           const std::string& substr)
    #####:  865:    : results_(results), type_(type), substr_(substr) {}
    %%%%%:  865-block  0
        -:  866:
        -:  867:// The destructor of SingleFailureChecker verifies that the given
        -:  868:// TestPartResultArray contains exactly one failure that has the given
        -:  869:// type and contains the given substring.  If that's not the case, a
        -:  870:// non-fatal failure will be generated.
    #####:  871:SingleFailureChecker::~SingleFailureChecker() {
    #####:  872:  EXPECT_PRED_FORMAT3(HasOneFailure, *results_, type_, substr_);
    %%%%%:  872-block  0
    %%%%%:  872-block  1
    %%%%%:  872-block  2
    #####:  873:}
        -:  874:
        1:  875:DefaultGlobalTestPartResultReporter::DefaultGlobalTestPartResultReporter(
        1:  876:    UnitTestImpl* unit_test) : unit_test_(unit_test) {}
        1:  876-block  0
        -:  877:
    #####:  878:void DefaultGlobalTestPartResultReporter::ReportTestPartResult(
        -:  879:    const TestPartResult& result) {
    #####:  880:  unit_test_->current_test_result()->AddTestPartResult(result);
    %%%%%:  880-block  0
    #####:  881:  unit_test_->listeners()->repeater()->OnTestPartResult(result);
    #####:  882:}
        -:  883:
        1:  884:DefaultPerThreadTestPartResultReporter::DefaultPerThreadTestPartResultReporter(
        1:  885:    UnitTestImpl* unit_test) : unit_test_(unit_test) {}
        1:  885-block  0
        -:  886:
    #####:  887:void DefaultPerThreadTestPartResultReporter::ReportTestPartResult(
        -:  888:    const TestPartResult& result) {
    #####:  889:  unit_test_->GetGlobalTestPartResultReporter()->ReportTestPartResult(result);
    %%%%%:  889-block  0
    #####:  890:}
        -:  891:
        -:  892:// Returns the global test part result reporter.
        -:  893:TestPartResultReporterInterface*
    #####:  894:UnitTestImpl::GetGlobalTestPartResultReporter() {
    #####:  895:  internal::MutexLock lock(&global_test_part_result_reporter_mutex_);
    %%%%%:  895-block  0
    #####:  896:  return global_test_part_result_repoter_;
    %%%%%:  896-block  0
    %%%%%:  896-block  1
        -:  897:}
        -:  898:
        -:  899:// Sets the global test part result reporter.
    #####:  900:void UnitTestImpl::SetGlobalTestPartResultReporter(
        -:  901:    TestPartResultReporterInterface* reporter) {
    #####:  902:  internal::MutexLock lock(&global_test_part_result_reporter_mutex_);
    %%%%%:  902-block  0
    #####:  903:  global_test_part_result_repoter_ = reporter;
    %%%%%:  903-block  0
    #####:  904:}
        -:  905:
        -:  906:// Returns the test part result reporter for the current thread.
        -:  907:TestPartResultReporterInterface*
    #####:  908:UnitTestImpl::GetTestPartResultReporterForCurrentThread() {
    #####:  909:  return per_thread_test_part_result_reporter_.get();
    %%%%%:  909-block  0
        -:  910:}
        -:  911:
        -:  912:// Sets the test part result reporter for the current thread.
    #####:  913:void UnitTestImpl::SetTestPartResultReporterForCurrentThread(
        -:  914:    TestPartResultReporterInterface* reporter) {
    #####:  915:  per_thread_test_part_result_reporter_.set(reporter);
    %%%%%:  915-block  0
    #####:  916:}
        -:  917:
        -:  918:// Gets the number of successful test suites.
    #####:  919:int UnitTestImpl::successful_test_suite_count() const {
    #####:  920:  return CountIf(test_suites_, TestSuitePassed);
    %%%%%:  920-block  0
        -:  921:}
        -:  922:
        -:  923:// Gets the number of failed test suites.
        2:  924:int UnitTestImpl::failed_test_suite_count() const {
        2:  925:  return CountIf(test_suites_, TestSuiteFailed);
        2:  925-block  0
        -:  926:}
        -:  927:
        -:  928:// Gets the number of all test suites.
        3:  929:int UnitTestImpl::total_test_suite_count() const {
        3:  930:  return static_cast<int>(test_suites_.size());
        3:  930-block  0
        -:  931:}
        -:  932:
        -:  933:// Gets the number of all test suites that contain at least one test
        -:  934:// that should run.
        2:  935:int UnitTestImpl::test_suite_to_run_count() const {
        2:  936:  return CountIf(test_suites_, ShouldRunTestSuite);
        2:  936-block  0
        -:  937:}
        -:  938:
        -:  939:// Gets the number of successful tests.
        1:  940:int UnitTestImpl::successful_test_count() const {
        1:  941:  return SumOverTestSuiteList(test_suites_, &TestSuite::successful_test_count);
        1:  941-block  0
        -:  942:}
        -:  943:
        -:  944:// Gets the number of skipped tests.
        1:  945:int UnitTestImpl::skipped_test_count() const {
        1:  946:  return SumOverTestSuiteList(test_suites_, &TestSuite::skipped_test_count);
        1:  946-block  0
        -:  947:}
        -:  948:
        -:  949:// Gets the number of failed tests.
    #####:  950:int UnitTestImpl::failed_test_count() const {
    #####:  951:  return SumOverTestSuiteList(test_suites_, &TestSuite::failed_test_count);
    %%%%%:  951-block  0
        -:  952:}
        -:  953:
        -:  954:// Gets the number of disabled tests that will be reported in the XML report.
        1:  955:int UnitTestImpl::reportable_disabled_test_count() const {
        1:  956:  return SumOverTestSuiteList(test_suites_,
        1:  956-block  0
        1:  957:                              &TestSuite::reportable_disabled_test_count);
        -:  958:}
        -:  959:
        -:  960:// Gets the number of disabled tests.
    #####:  961:int UnitTestImpl::disabled_test_count() const {
    #####:  962:  return SumOverTestSuiteList(test_suites_, &TestSuite::disabled_test_count);
    %%%%%:  962-block  0
        -:  963:}
        -:  964:
        -:  965:// Gets the number of tests to be printed in the XML report.
    #####:  966:int UnitTestImpl::reportable_test_count() const {
    #####:  967:  return SumOverTestSuiteList(test_suites_, &TestSuite::reportable_test_count);
    %%%%%:  967-block  0
        -:  968:}
        -:  969:
        -:  970:// Gets the number of all tests.
    #####:  971:int UnitTestImpl::total_test_count() const {
    #####:  972:  return SumOverTestSuiteList(test_suites_, &TestSuite::total_test_count);
    %%%%%:  972-block  0
        -:  973:}
        -:  974:
        -:  975:// Gets the number of tests that should run.
        2:  976:int UnitTestImpl::test_to_run_count() const {
        2:  977:  return SumOverTestSuiteList(test_suites_, &TestSuite::test_to_run_count);
        2:  977-block  0
        -:  978:}
        -:  979:
        -:  980:// Returns the current OS stack trace as an std::string.
        -:  981://
        -:  982:// The maximum number of stack frames to be included is specified by
        -:  983:// the gtest_stack_trace_depth flag.  The skip_count parameter
        -:  984:// specifies the number of top frames to be skipped, which doesn't
        -:  985:// count against the number of frames to be included.
        -:  986://
        -:  987:// For example, if Foo() calls Bar(), which in turn calls
        -:  988:// CurrentOsStackTraceExceptTop(1), Foo() will be included in the
        -:  989:// trace but Bar() and CurrentOsStackTraceExceptTop() won't.
    #####:  990:std::string UnitTestImpl::CurrentOsStackTraceExceptTop(int skip_count) {
    #####:  991:  return os_stack_trace_getter()->CurrentStackTrace(
    %%%%%:  991-block  0
        -:  992:      static_cast<int>(GTEST_FLAG(stack_trace_depth)),
        -:  993:      skip_count + 1
        -:  994:      // Skips the user-specified number of frames plus this function
        -:  995:      // itself.
    #####:  996:      );  // NOLINT
        -:  997:}
        -:  998:
        -:  999:// Returns the current time in milliseconds.
       11: 1000:TimeInMillis GetTimeInMillis() {
       11: 1001:  return std::chrono::duration_cast<std::chrono::milliseconds>(
       11: 1002:             std::chrono::system_clock::now() -
    $$$$$: 1002-block  0
    $$$$$: 1002-block  1
       33: 1003:             std::chrono::system_clock::from_time_t(0))
       11: 1003-block  0
       11: 1003-block  1
       22: 1004:      .count();
       11: 1004-block  0
       11: 1004-block  1
        -: 1005:}
        -: 1006:
        -: 1007:// Utilities
        -: 1008:
        -: 1009:// class String.
        -: 1010:
        -: 1011:#if GTEST_OS_WINDOWS_MOBILE
        -: 1012:// Creates a UTF-16 wide string from the given ANSI string, allocating
        -: 1013:// memory using new. The caller is responsible for deleting the return
        -: 1014:// value using delete[]. Returns the wide string, or NULL if the
        -: 1015:// input is NULL.
        -: 1016:LPCWSTR String::AnsiToUtf16(const char* ansi) {
        -: 1017:  if (!ansi) return nullptr;
        -: 1018:  const int length = strlen(ansi);
        -: 1019:  const int unicode_length =
        -: 1020:      MultiByteToWideChar(CP_ACP, 0, ansi, length, nullptr, 0);
        -: 1021:  WCHAR* unicode = new WCHAR[unicode_length + 1];
        -: 1022:  MultiByteToWideChar(CP_ACP, 0, ansi, length,
        -: 1023:                      unicode, unicode_length);
        -: 1024:  unicode[unicode_length] = 0;
        -: 1025:  return unicode;
        -: 1026:}
        -: 1027:
        -: 1028:// Creates an ANSI string from the given wide string, allocating
        -: 1029:// memory using new. The caller is responsible for deleting the return
        -: 1030:// value using delete[]. Returns the ANSI string, or NULL if the
        -: 1031:// input is NULL.
        -: 1032:const char* String::Utf16ToAnsi(LPCWSTR utf16_str)  {
        -: 1033:  if (!utf16_str) return nullptr;
        -: 1034:  const int ansi_length = WideCharToMultiByte(CP_ACP, 0, utf16_str, -1, nullptr,
        -: 1035:                                              0, nullptr, nullptr);
        -: 1036:  char* ansi = new char[ansi_length + 1];
        -: 1037:  WideCharToMultiByte(CP_ACP, 0, utf16_str, -1, ansi, ansi_length, nullptr,
        -: 1038:                      nullptr);
        -: 1039:  ansi[ansi_length] = 0;
        -: 1040:  return ansi;
        -: 1041:}
        -: 1042:
        -: 1043:#endif  // GTEST_OS_WINDOWS_MOBILE
        -: 1044:
        -: 1045:// Compares two C strings.  Returns true if and only if they have the same
        -: 1046:// content.
        -: 1047://
        -: 1048:// Unlike strcmp(), this function can handle NULL argument(s).  A NULL
        -: 1049:// C string is considered different to any non-NULL C string,
        -: 1050:// including the empty string.
       12: 1051:bool String::CStringEquals(const char * lhs, const char * rhs) {
      12*: 1052:  if (lhs == nullptr) return rhs == nullptr;
       12: 1052-block  0
    %%%%%: 1052-block  1
        -: 1053:
      12*: 1054:  if (rhs == nullptr) return false;
       12: 1054-block  0
    %%%%%: 1054-block  1
        -: 1055:
       12: 1056:  return strcmp(lhs, rhs) == 0;
       12: 1056-block  0
        -: 1057:}
        -: 1058:
        -: 1059:#if GTEST_HAS_STD_WSTRING
        -: 1060:
        -: 1061:// Converts an array of wide chars to a narrow string using the UTF-8
        -: 1062:// encoding, and streams the result to the given Message object.
    #####: 1063:static void StreamWideCharsToMessage(const wchar_t* wstr, size_t length,
        -: 1064:                                     Message* msg) {
    #####: 1065:  for (size_t i = 0; i != length; ) {  // NOLINT
    %%%%%: 1065-block  0
    %%%%%: 1065-block  1
    %%%%%: 1065-block  2
    #####: 1066:    if (wstr[i] != L'\0') {
    %%%%%: 1066-block  0
    #####: 1067:      *msg << WideStringToUtf8(wstr + i, static_cast<int>(length - i));
    %%%%%: 1067-block  0
    %%%%%: 1067-block  1
    $$$$$: 1067-block  2
    $$$$$: 1067-block  3
    #####: 1068:      while (i != length && wstr[i] != L'\0')
    %%%%%: 1068-block  0
    %%%%%: 1068-block  1
    #####: 1069:        i++;
    %%%%%: 1069-block  0
        -: 1070:    } else {
    #####: 1071:      *msg << '\0';
    %%%%%: 1071-block  0
    #####: 1072:      i++;
    %%%%%: 1072-block  0
        -: 1073:    }
        -: 1074:  }
    #####: 1075:}
    %%%%%: 1075-block  0
        -: 1076:
        -: 1077:#endif  // GTEST_HAS_STD_WSTRING
        -: 1078:
    #####: 1079:void SplitString(const ::std::string& str, char delimiter,
        -: 1080:                 ::std::vector< ::std::string>* dest) {
    #####: 1081:  ::std::vector< ::std::string> parsed;
    %%%%%: 1081-block  0
    $$$$$: 1081-block  1
    #####: 1082:  ::std::string::size_type pos = 0;
    #####: 1083:  while (::testing::internal::AlwaysTrue()) {
    %%%%%: 1083-block  0
    %%%%%: 1083-block  1
    #####: 1084:    const ::std::string::size_type colon = str.find(delimiter, pos);
    %%%%%: 1084-block  0
    #####: 1085:    if (colon == ::std::string::npos) {
    #####: 1086:      parsed.push_back(str.substr(pos));
    %%%%%: 1086-block  0
    %%%%%: 1086-block  1
    %%%%%: 1086-block  2
    $$$$$: 1086-block  3
    $$$$$: 1086-block  4
    #####: 1087:      break;
        -: 1088:    } else {
    #####: 1089:      parsed.push_back(str.substr(pos, colon - pos));
    %%%%%: 1089-block  0
    %%%%%: 1089-block  1
    %%%%%: 1089-block  2
    $$$$$: 1089-block  3
    $$$$$: 1089-block  4
    #####: 1090:      pos = colon + 1;
        -: 1091:    }
        -: 1092:  }
    #####: 1093:  dest->swap(parsed);
    %%%%%: 1093-block  0
    #####: 1094:}
        -: 1095:
        -: 1096:}  // namespace internal
        -: 1097:
        -: 1098:// Constructs an empty Message.
        -: 1099:// We allocate the stringstream separately because otherwise each use of
        -: 1100:// ASSERT/EXPECT in a procedure adds over 200 bytes to the procedure's
        -: 1101:// stack frame leading to huge stack frames in some cases; gcc does not reuse
        -: 1102:// the stack space.
       55: 1103:Message::Message() : ss_(new ::std::stringstream) {
       55: 1103-block  0
       55: 1103-block  1
    $$$$$: 1103-block  2
    $$$$$: 1103-block  3
        -: 1104:  // By default, we want there to be enough precision when printing
        -: 1105:  // a double to a Message.
       55: 1106:  *ss_ << std::setprecision(std::numeric_limits<double>::digits10 + 2);
       55: 1107:}
       55: 1107-block  0
        -: 1108:
        -: 1109:// These two overloads allow streaming a wide C string to a Message
        -: 1110:// using the UTF-8 encoding.
    #####: 1111:Message& Message::operator <<(const wchar_t* wide_c_str) {
    #####: 1112:  return *this << internal::String::ShowWideCString(wide_c_str);
    %%%%%: 1112-block  0
    %%%%%: 1112-block  1
    %%%%%: 1112-block  2
    $$$$$: 1112-block  3
        -: 1113:}
    #####: 1114:Message& Message::operator <<(wchar_t* wide_c_str) {
    #####: 1115:  return *this << internal::String::ShowWideCString(wide_c_str);
    %%%%%: 1115-block  0
    %%%%%: 1115-block  1
    %%%%%: 1115-block  2
    $$$$$: 1115-block  3
        -: 1116:}
        -: 1117:
        -: 1118:#if GTEST_HAS_STD_WSTRING
        -: 1119:// Converts the given wide string to a narrow string using the UTF-8
        -: 1120:// encoding, and streams the result to this Message object.
    #####: 1121:Message& Message::operator <<(const ::std::wstring& wstr) {
    #####: 1122:  internal::StreamWideCharsToMessage(wstr.c_str(), wstr.length(), this);
    %%%%%: 1122-block  0
    #####: 1123:  return *this;
        -: 1124:}
        -: 1125:#endif  // GTEST_HAS_STD_WSTRING
        -: 1126:
        -: 1127:// Gets the text streamed to this object so far as an std::string.
        -: 1128:// Each '\0' character in the buffer is replaced with "\\0".
       55: 1129:std::string Message::GetString() const {
       55: 1130:  return internal::StringStreamToString(ss_.get());
       55: 1130-block  0
        -: 1131:}
        -: 1132:
        -: 1133:// AssertionResult constructors.
        -: 1134:// Used in EXPECT_TRUE/FALSE(assertion_result).
    #####: 1135:AssertionResult::AssertionResult(const AssertionResult& other)
    #####: 1136:    : success_(other.success_),
    #####: 1137:      message_(other.message_.get() != nullptr
    #####: 1138:                   ? new ::std::string(*other.message_)
    %%%%%: 1138-block  0
    $$$$$: 1138-block  1
    #####: 1139:                   : static_cast< ::std::string*>(nullptr)) {}
    %%%%%: 1139-block  0
    %%%%%: 1139-block  1
    %%%%%: 1139-block  2
    %%%%%: 1139-block  3
        -: 1140:
        -: 1141:// Swaps two AssertionResults.
    #####: 1142:void AssertionResult::swap(AssertionResult& other) {
        -: 1143:  using std::swap;
    #####: 1144:  swap(success_, other.success_);
    %%%%%: 1144-block  0
    #####: 1145:  swap(message_, other.message_);
    #####: 1146:}
        -: 1147:
        -: 1148:// Returns the assertion's negation. Used with EXPECT/ASSERT_FALSE.
    #####: 1149:AssertionResult AssertionResult::operator!() const {
    #####: 1150:  AssertionResult negation(!success_);
    %%%%%: 1150-block  0
    #####: 1151:  if (message_.get() != nullptr) negation << *message_;
    %%%%%: 1151-block  0
    #####: 1152:  return negation;
    %%%%%: 1152-block  0
    %%%%%: 1152-block  1
        -: 1153:}
        -: 1154:
        -: 1155:// Makes a successful assertion result.
        8: 1156:AssertionResult AssertionSuccess() {
        8: 1157:  return AssertionResult(true);
        8: 1157-block  0
        -: 1158:}
        -: 1159:
        -: 1160:// Makes a failed assertion result.
    #####: 1161:AssertionResult AssertionFailure() {
    #####: 1162:  return AssertionResult(false);
    %%%%%: 1162-block  0
        -: 1163:}
        -: 1164:
        -: 1165:// Makes a failed assertion result with the given failure message.
        -: 1166:// Deprecated; use AssertionFailure() << message.
    #####: 1167:AssertionResult AssertionFailure(const Message& message) {
    #####: 1168:  return AssertionFailure() << message;
    %%%%%: 1168-block  0
    %%%%%: 1168-block  1
    %%%%%: 1168-block  2
    %%%%%: 1168-block  3
    $$$$$: 1168-block  4
        -: 1169:}
        -: 1170:
        -: 1171:namespace internal {
        -: 1172:
        -: 1173:namespace edit_distance {
    #####: 1174:std::vector<EditType> CalculateOptimalEdits(const std::vector<size_t>& left,
        -: 1175:                                            const std::vector<size_t>& right) {
        -: 1176:  std::vector<std::vector<double> > costs(
    #####: 1177:      left.size() + 1, std::vector<double>(right.size() + 1));
    %%%%%: 1177-block  0
    %%%%%: 1177-block  1
    $$$$$: 1177-block  2
    $$$$$: 1177-block  3
    $$$$$: 1177-block  4
    $$$$$: 1177-block  5
        -: 1178:  std::vector<std::vector<EditType> > best_move(
    #####: 1179:      left.size() + 1, std::vector<EditType>(right.size() + 1));
    %%%%%: 1179-block  0
    %%%%%: 1179-block  1
    $$$$$: 1179-block  2
    $$$$$: 1179-block  3
    $$$$$: 1179-block  4
    $$$$$: 1179-block  5
        -: 1180:
        -: 1181:  // Populate for empty right.
    #####: 1182:  for (size_t l_i = 0; l_i < costs.size(); ++l_i) {
    %%%%%: 1182-block  0
    #####: 1183:    costs[l_i][0] = static_cast<double>(l_i);
    %%%%%: 1183-block  0
    #####: 1184:    best_move[l_i][0] = kRemove;
        -: 1185:  }
        -: 1186:  // Populate for empty left.
    #####: 1187:  for (size_t r_i = 1; r_i < costs[0].size(); ++r_i) {
    %%%%%: 1187-block  0
    %%%%%: 1187-block  1
    #####: 1188:    costs[0][r_i] = static_cast<double>(r_i);
    %%%%%: 1188-block  0
    #####: 1189:    best_move[0][r_i] = kAdd;
        -: 1190:  }
        -: 1191:
    #####: 1192:  for (size_t l_i = 0; l_i < left.size(); ++l_i) {
    %%%%%: 1192-block  0
    %%%%%: 1192-block  1
    %%%%%: 1192-block  2
    #####: 1193:    for (size_t r_i = 0; r_i < right.size(); ++r_i) {
    %%%%%: 1193-block  0
    %%%%%: 1193-block  1
    %%%%%: 1193-block  2
    #####: 1194:      if (left[l_i] == right[r_i]) {
    %%%%%: 1194-block  0
        -: 1195:        // Found a match. Consume it.
    #####: 1196:        costs[l_i + 1][r_i + 1] = costs[l_i][r_i];
    %%%%%: 1196-block  0
    #####: 1197:        best_move[l_i + 1][r_i + 1] = kMatch;
    #####: 1198:        continue;
        -: 1199:      }
        -: 1200:
    #####: 1201:      const double add = costs[l_i + 1][r_i];
    %%%%%: 1201-block  0
    #####: 1202:      const double remove = costs[l_i][r_i + 1];
    #####: 1203:      const double replace = costs[l_i][r_i];
    #####: 1204:      if (add < remove && add < replace) {
    %%%%%: 1204-block  0
    #####: 1205:        costs[l_i + 1][r_i + 1] = add + 1;
    %%%%%: 1205-block  0
    #####: 1206:        best_move[l_i + 1][r_i + 1] = kAdd;
    #####: 1207:      } else if (remove < add && remove < replace) {
    %%%%%: 1207-block  0
    %%%%%: 1207-block  1
    #####: 1208:        costs[l_i + 1][r_i + 1] = remove + 1;
    %%%%%: 1208-block  0
    #####: 1209:        best_move[l_i + 1][r_i + 1] = kRemove;
        -: 1210:      } else {
        -: 1211:        // We make replace a little more expensive than add/remove to lower
        -: 1212:        // their priority.
    #####: 1213:        costs[l_i + 1][r_i + 1] = replace + 1.00001;
    %%%%%: 1213-block  0
    #####: 1214:        best_move[l_i + 1][r_i + 1] = kReplace;
        -: 1215:      }
        -: 1216:    }
        -: 1217:  }
        -: 1218:
        -: 1219:  // Reconstruct the best path. We do it in reverse order.
    #####: 1220:  std::vector<EditType> best_path;
    %%%%%: 1220-block  0
    #####: 1221:  for (size_t l_i = left.size(), r_i = right.size(); l_i > 0 || r_i > 0;) {
    %%%%%: 1221-block  0
    %%%%%: 1221-block  1
    #####: 1222:    EditType move = best_move[l_i][r_i];
    %%%%%: 1222-block  0
    #####: 1223:    best_path.push_back(move);
    #####: 1224:    l_i -= move != kAdd;
    #####: 1225:    r_i -= move != kRemove;
    %%%%%: 1225-block  0
        -: 1226:  }
    #####: 1227:  std::reverse(best_path.begin(), best_path.end());
    %%%%%: 1227-block  0
    #####: 1228:  return best_path;
    %%%%%: 1228-block  0
    %%%%%: 1228-block  1
        -: 1229:}
        -: 1230:
        -: 1231:namespace {
        -: 1232:
        -: 1233:// Helper class to convert string into ids with deduplication.
        -: 1234:class InternalStrings {
[...]
    %%%%%: 6386-block  0
    %%%%%: 6386-block  1
        -: 6387:}
        -: 6388:
        -: 6389:#if GTEST_USE_OWN_FLAGFILE_FLAG_
    #####: 6390:static void LoadFlagsFromFile(const std::string& path) {
    #####: 6391:  FILE* flagfile = posix::FOpen(path.c_str(), "r");
    %%%%%: 6391-block  0
    #####: 6392:  if (!flagfile) {
    %%%%%: 6392-block  0
    #####: 6393:    GTEST_LOG_(FATAL) << "Unable to open file \"" << GTEST_FLAG(flagfile)
    %%%%%: 6393-block  0
    %%%%%: 6393-block  1
    %%%%%: 6393-block  2
    $$$$$: 6393-block  3
    $$$$$: 6393-block  4
    #####: 6394:                      << "\"";
    %%%%%: 6394-block  0
    %%%%%: 6394-block  1
        -: 6395:  }
    #####: 6396:  std::string contents(ReadEntireFile(flagfile));
    %%%%%: 6396-block  0
    $$$$$: 6396-block  1
    #####: 6397:  posix::FClose(flagfile);
    %%%%%: 6397-block  0
    #####: 6398:  std::vector<std::string> lines;
    %%%%%: 6398-block  0
    %%%%%: 6398-block  1
    $$$$$: 6398-block  2
    #####: 6399:  SplitString(contents, '\n', &lines);
    #####: 6400:  for (size_t i = 0; i < lines.size(); ++i) {
    %%%%%: 6400-block  0
    %%%%%: 6400-block  1
    %%%%%: 6400-block  2
    #####: 6401:    if (lines[i].empty())
    %%%%%: 6401-block  0
    #####: 6402:      continue;
    %%%%%: 6402-block  0
    #####: 6403:    if (!ParseGoogleTestFlag(lines[i].c_str()))
    %%%%%: 6403-block  0
    %%%%%: 6403-block  1
    #####: 6404:      g_help_flag = true;
    %%%%%: 6404-block  0
        -: 6405:  }
    #####: 6406:}
        -: 6407:#endif  // GTEST_USE_OWN_FLAGFILE_FLAG_
        -: 6408:
        -: 6409:// Parses the command line for Google Test flags, without initializing
        -: 6410:// other parts of Google Test.  The type parameter CharType can be
        -: 6411:// instantiated to either char or wchar_t.
        -: 6412:template <typename CharType>
       1*: 6413:void ParseGoogleTestFlagsOnlyImpl(int* argc, CharType** argv) {
       1*: 6414:  for (int i = 1; i < *argc; i++) {
    #####: 6415:    const std::string arg_string = StreamableToString(argv[i]);
    #####: 6416:    const char* const arg = arg_string.c_str();
        -: 6417:
        -: 6418:    using internal::ParseBoolFlag;
        -: 6419:    using internal::ParseInt32Flag;
        -: 6420:    using internal::ParseStringFlag;
        -: 6421:
    #####: 6422:    bool remove_flag = false;
    #####: 6423:    if (ParseGoogleTestFlag(arg)) {
    #####: 6424:      remove_flag = true;
        -: 6425:#if GTEST_USE_OWN_FLAGFILE_FLAG_
    #####: 6426:    } else if (ParseStringFlag(arg, kFlagfileFlag, &GTEST_FLAG(flagfile))) {
    #####: 6427:      LoadFlagsFromFile(GTEST_FLAG(flagfile));
    #####: 6428:      remove_flag = true;
        -: 6429:#endif  // GTEST_USE_OWN_FLAGFILE_FLAG_
    #####: 6430:    } else if (arg_string == "--help" || arg_string == "-h" ||
    #####: 6431:               arg_string == "-?" || arg_string == "/?" ||
    #####: 6432:               HasGoogleTestFlagPrefix(arg)) {
        -: 6433:      // Both help flag and unrecognized Google Test flags (excluding
        -: 6434:      // internal ones) trigger help display.
    #####: 6435:      g_help_flag = true;
        -: 6436:    }
        -: 6437:
    #####: 6438:    if (remove_flag) {
        -: 6439:      // Shift the remainder of the argv list left by one.  Note
        -: 6440:      // that argv has (*argc + 1) elements, the last one always being
        -: 6441:      // NULL.  The following loop moves the trailing NULL element as
        -: 6442:      // well.
    #####: 6443:      for (int j = i; j != *argc; j++) {
    #####: 6444:        argv[j] = argv[j + 1];
        -: 6445:      }
        -: 6446:
        -: 6447:      // Decrements the argument count.
    #####: 6448:      (*argc)--;
        -: 6449:
        -: 6450:      // We also need to decrement the iterator as we just removed
        -: 6451:      // an element.
    #####: 6452:      i--;
        -: 6453:    }
        -: 6454:  }
        -: 6455:
       1*: 6456:  if (g_help_flag) {
        -: 6457:    // We print the help here instead of in RUN_ALL_TESTS(), as the
        -: 6458:    // latter may not be called at all if the user is using Google
        -: 6459:    // Test with another testing framework.
    #####: 6460:    PrintColorEncoded(kColorEncodedHelpMessage);
        -: 6461:  }
       1*: 6462:}
------------------
_ZN7testing8internal28ParseGoogleTestFlagsOnlyImplIwEEvPiPPT_:
    #####: 6413:void ParseGoogleTestFlagsOnlyImpl(int* argc, CharType** argv) {
    #####: 6414:  for (int i = 1; i < *argc; i++) {
    %%%%%: 6414-block  0
    %%%%%: 6414-block  1
    #####: 6415:    const std::string arg_string = StreamableToString(argv[i]);
    %%%%%: 6415-block  0
    %%%%%: 6415-block  1
    $$$$$: 6415-block  2
    #####: 6416:    const char* const arg = arg_string.c_str();
    %%%%%: 6416-block  0
        -: 6417:
        -: 6418:    using internal::ParseBoolFlag;
        -: 6419:    using internal::ParseInt32Flag;
        -: 6420:    using internal::ParseStringFlag;
        -: 6421:
    #####: 6422:    bool remove_flag = false;
    #####: 6423:    if (ParseGoogleTestFlag(arg)) {
    %%%%%: 6423-block  0
    #####: 6424:      remove_flag = true;
    %%%%%: 6424-block  0
        -: 6425:#if GTEST_USE_OWN_FLAGFILE_FLAG_
    #####: 6426:    } else if (ParseStringFlag(arg, kFlagfileFlag, &GTEST_FLAG(flagfile))) {
    %%%%%: 6426-block  0
    %%%%%: 6426-block  1
    #####: 6427:      LoadFlagsFromFile(GTEST_FLAG(flagfile));
    %%%%%: 6427-block  0
    #####: 6428:      remove_flag = true;
    %%%%%: 6428-block  0
        -: 6429:#endif  // GTEST_USE_OWN_FLAGFILE_FLAG_
    #####: 6430:    } else if (arg_string == "--help" || arg_string == "-h" ||
    %%%%%: 6430-block  0
    %%%%%: 6430-block  1
    #####: 6431:               arg_string == "-?" || arg_string == "/?" ||
    %%%%%: 6431-block  0
    %%%%%: 6431-block  1
    %%%%%: 6431-block  2
    %%%%%: 6431-block  3
    %%%%%: 6431-block  4
    #####: 6432:               HasGoogleTestFlagPrefix(arg)) {
    %%%%%: 6432-block  0
        -: 6433:      // Both help flag and unrecognized Google Test flags (excluding
        -: 6434:      // internal ones) trigger help display.
    #####: 6435:      g_help_flag = true;
    %%%%%: 6435-block  0
        -: 6436:    }
        -: 6437:
    #####: 6438:    if (remove_flag) {
    %%%%%: 6438-block  0
        -: 6439:      // Shift the remainder of the argv list left by one.  Note
        -: 6440:      // that argv has (*argc + 1) elements, the last one always being
        -: 6441:      // NULL.  The following loop moves the trailing NULL element as
        -: 6442:      // well.
    #####: 6443:      for (int j = i; j != *argc; j++) {
    %%%%%: 6443-block  0
    %%%%%: 6443-block  1
    #####: 6444:        argv[j] = argv[j + 1];
    %%%%%: 6444-block  0
        -: 6445:      }
        -: 6446:
        -: 6447:      // Decrements the argument count.
    #####: 6448:      (*argc)--;
        -: 6449:
        -: 6450:      // We also need to decrement the iterator as we just removed
        -: 6451:      // an element.
    #####: 6452:      i--;
    %%%%%: 6452-block  0
        -: 6453:    }
        -: 6454:  }
        -: 6455:
    #####: 6456:  if (g_help_flag) {
    %%%%%: 6456-block  0
        -: 6457:    // We print the help here instead of in RUN_ALL_TESTS(), as the
        -: 6458:    // latter may not be called at all if the user is using Google
        -: 6459:    // Test with another testing framework.
    #####: 6460:    PrintColorEncoded(kColorEncodedHelpMessage);
    %%%%%: 6460-block  0
        -: 6461:  }
    #####: 6462:}
    %%%%%: 6462-block  0
------------------
_ZN7testing8internal28ParseGoogleTestFlagsOnlyImplIcEEvPiPPT_:
        1: 6413:void ParseGoogleTestFlagsOnlyImpl(int* argc, CharType** argv) {
       1*: 6414:  for (int i = 1; i < *argc; i++) {
        1: 6414-block  0
        1: 6414-block  1
    #####: 6415:    const std::string arg_string = StreamableToString(argv[i]);
    %%%%%: 6415-block  0
    %%%%%: 6415-block  1
    $$$$$: 6415-block  2
    #####: 6416:    const char* const arg = arg_string.c_str();
    %%%%%: 6416-block  0
        -: 6417:
        -: 6418:    using internal::ParseBoolFlag;
        -: 6419:    using internal::ParseInt32Flag;
        -: 6420:    using internal::ParseStringFlag;
        -: 6421:
    #####: 6422:    bool remove_flag = false;
    #####: 6423:    if (ParseGoogleTestFlag(arg)) {
    %%%%%: 6423-block  0
    #####: 6424:      remove_flag = true;
    %%%%%: 6424-block  0
        -: 6425:#if GTEST_USE_OWN_FLAGFILE_FLAG_
    #####: 6426:    } else if (ParseStringFlag(arg, kFlagfileFlag, &GTEST_FLAG(flagfile))) {
    %%%%%: 6426-block  0
    %%%%%: 6426-block  1
    #####: 6427:      LoadFlagsFromFile(GTEST_FLAG(flagfile));
    %%%%%: 6427-block  0
    #####: 6428:      remove_flag = true;
    %%%%%: 6428-block  0
        -: 6429:#endif  // GTEST_USE_OWN_FLAGFILE_FLAG_
    #####: 6430:    } else if (arg_string == "--help" || arg_string == "-h" ||
    %%%%%: 6430-block  0
    %%%%%: 6430-block  1
    #####: 6431:               arg_string == "-?" || arg_string == "/?" ||
    %%%%%: 6431-block  0
    %%%%%: 6431-block  1
    %%%%%: 6431-block  2
    %%%%%: 6431-block  3
    %%%%%: 6431-block  4
    #####: 6432:               HasGoogleTestFlagPrefix(arg)) {
    %%%%%: 6432-block  0
        -: 6433:      // Both help flag and unrecognized Google Test flags (excluding
        -: 6434:      // internal ones) trigger help display.
    #####: 6435:      g_help_flag = true;
    %%%%%: 6435-block  0
        -: 6436:    }
        -: 6437:
    #####: 6438:    if (remove_flag) {
    %%%%%: 6438-block  0
        -: 6439:      // Shift the remainder of the argv list left by one.  Note
        -: 6440:      // that argv has (*argc + 1) elements, the last one always being
        -: 6441:      // NULL.  The following loop moves the trailing NULL element as
        -: 6442:      // well.
    #####: 6443:      for (int j = i; j != *argc; j++) {
    %%%%%: 6443-block  0
    %%%%%: 6443-block  1
    #####: 6444:        argv[j] = argv[j + 1];
    %%%%%: 6444-block  0
        -: 6445:      }
        -: 6446:
        -: 6447:      // Decrements the argument count.
    #####: 6448:      (*argc)--;
        -: 6449:
        -: 6450:      // We also need to decrement the iterator as we just removed
        -: 6451:      // an element.
    #####: 6452:      i--;
    %%%%%: 6452-block  0
        -: 6453:    }
        -: 6454:  }
        -: 6455:
        1: 6456:  if (g_help_flag) {
        1: 6456-block  0
        -: 6457:    // We print the help here instead of in RUN_ALL_TESTS(), as the
        -: 6458:    // latter may not be called at all if the user is using Google
        -: 6459:    // Test with another testing framework.
    #####: 6460:    PrintColorEncoded(kColorEncodedHelpMessage);
    %%%%%: 6460-block  0
        -: 6461:  }
        1: 6462:}
        1: 6462-block  0
------------------
        -: 6463:
        -: 6464:// Parses the command line for Google Test flags, without initializing
        -: 6465:// other parts of Google Test.
        1: 6466:void ParseGoogleTestFlagsOnly(int* argc, char** argv) {
        1: 6467:  ParseGoogleTestFlagsOnlyImpl(argc, argv);
        1: 6467-block  0
        -: 6468:
        -: 6469:  // Fix the value of *_NSGetArgc() on macOS, but if and only if
        -: 6470:  // *_NSGetArgv() == argv
        -: 6471:  // Only applicable to char** version of argv
        -: 6472:#if GTEST_OS_MAC
        -: 6473:#ifndef GTEST_OS_IOS
        -: 6474:  if (*_NSGetArgv() == argv) {
        -: 6475:    *_NSGetArgc() = *argc;
        -: 6476:  }
        -: 6477:#endif
        -: 6478:#endif
        1: 6479:}
    #####: 6480:void ParseGoogleTestFlagsOnly(int* argc, wchar_t** argv) {
    #####: 6481:  ParseGoogleTestFlagsOnlyImpl(argc, argv);
    %%%%%: 6481-block  0
    #####: 6482:}
        -: 6483:
        -: 6484:// The internal implementation of InitGoogleTest().
        -: 6485://
        -: 6486:// The type parameter CharType can be instantiated to either char or
        -: 6487:// wchar_t.
        -: 6488:template <typename CharType>
       1*: 6489:void InitGoogleTestImpl(int* argc, CharType** argv) {
        -: 6490:  // We don't want to run the initialization code twice.
       1*: 6491:  if (GTestIsInitialized()) return;
        -: 6492:
       1*: 6493:  if (*argc <= 0) return;
        -: 6494:
       1*: 6495:  g_argvs.clear();
       2*: 6496:  for (int i = 0; i != *argc; i++) {
       1*: 6497:    g_argvs.push_back(StreamableToString(argv[i]));
        -: 6498:  }
        -: 6499:
        -: 6500:#if GTEST_HAS_ABSL
        -: 6501:  absl::InitializeSymbolizer(g_argvs[0].c_str());
        -: 6502:#endif  // GTEST_HAS_ABSL
        -: 6503:
       1*: 6504:  ParseGoogleTestFlagsOnly(argc, argv);
       1*: 6505:  GetUnitTestImpl()->PostFlagParsingInit();
        -: 6506:}
------------------
_ZN7testing8internal18InitGoogleTestImplIwEEvPiPPT_:
    #####: 6489:void InitGoogleTestImpl(int* argc, CharType** argv) {
        -: 6490:  // We don't want to run the initialization code twice.
    #####: 6491:  if (GTestIsInitialized()) return;
    %%%%%: 6491-block  0
    %%%%%: 6491-block  1
        -: 6492:
    #####: 6493:  if (*argc <= 0) return;
    %%%%%: 6493-block  0
    %%%%%: 6493-block  1
        -: 6494:
    #####: 6495:  g_argvs.clear();
    %%%%%: 6495-block  0
    #####: 6496:  for (int i = 0; i != *argc; i++) {
    %%%%%: 6496-block  0
    #####: 6497:    g_argvs.push_back(StreamableToString(argv[i]));
    %%%%%: 6497-block  0
    %%%%%: 6497-block  1
    $$$$$: 6497-block  2
        -: 6498:  }
        -: 6499:
        -: 6500:#if GTEST_HAS_ABSL
        -: 6501:  absl::InitializeSymbolizer(g_argvs[0].c_str());
        -: 6502:#endif  // GTEST_HAS_ABSL
        -: 6503:
    #####: 6504:  ParseGoogleTestFlagsOnly(argc, argv);
    %%%%%: 6504-block  0
    #####: 6505:  GetUnitTestImpl()->PostFlagParsingInit();
        -: 6506:}
------------------
_ZN7testing8internal18InitGoogleTestImplIcEEvPiPPT_:
        1: 6489:void InitGoogleTestImpl(int* argc, CharType** argv) {
        -: 6490:  // We don't want to run the initialization code twice.
       1*: 6491:  if (GTestIsInitialized()) return;
        1: 6491-block  0
    %%%%%: 6491-block  1
        -: 6492:
       1*: 6493:  if (*argc <= 0) return;
        1: 6493-block  0
    %%%%%: 6493-block  1
        -: 6494:
        1: 6495:  g_argvs.clear();
        1: 6495-block  0
        2: 6496:  for (int i = 0; i != *argc; i++) {
        2: 6496-block  0
        1: 6497:    g_argvs.push_back(StreamableToString(argv[i]));
        1: 6497-block  0
        1: 6497-block  1
    $$$$$: 6497-block  2
        -: 6498:  }
        -: 6499:
        -: 6500:#if GTEST_HAS_ABSL
        -: 6501:  absl::InitializeSymbolizer(g_argvs[0].c_str());
        -: 6502:#endif  // GTEST_HAS_ABSL
        -: 6503:
        1: 6504:  ParseGoogleTestFlagsOnly(argc, argv);
        1: 6504-block  0
        1: 6505:  GetUnitTestImpl()->PostFlagParsingInit();
        -: 6506:}
------------------
        -: 6507:
        -: 6508:}  // namespace internal
        -: 6509:
        -: 6510:// Initializes Google Test.  This must be called before calling
        -: 6511:// RUN_ALL_TESTS().  In particular, it parses a command line for the
        -: 6512:// flags that Google Test recognizes.  Whenever a Google Test flag is
        -: 6513:// seen, it is removed from argv, and *argc is decremented.
        -: 6514://
        -: 6515:// No value is returned.  Instead, the Google Test flag variables are
        -: 6516:// updated.
        -: 6517://
        -: 6518:// Calling the function for the second time has no user-visible effect.
        1: 6519:void InitGoogleTest(int* argc, char** argv) {
        -: 6520:#if defined(GTEST_CUSTOM_INIT_GOOGLE_TEST_FUNCTION_)
        -: 6521:  GTEST_CUSTOM_INIT_GOOGLE_TEST_FUNCTION_(argc, argv);
        -: 6522:#else  // defined(GTEST_CUSTOM_INIT_GOOGLE_TEST_FUNCTION_)
        1: 6523:  internal::InitGoogleTestImpl(argc, argv);
        1: 6523-block  0
        -: 6524:#endif  // defined(GTEST_CUSTOM_INIT_GOOGLE_TEST_FUNCTION_)
        1: 6525:}
        -: 6526:
        -: 6527:// This overloaded version can be used in Windows programs compiled in
        -: 6528:// UNICODE mode.
    #####: 6529:void InitGoogleTest(int* argc, wchar_t** argv) {
        -: 6530:#if defined(GTEST_CUSTOM_INIT_GOOGLE_TEST_FUNCTION_)
        -: 6531:  GTEST_CUSTOM_INIT_GOOGLE_TEST_FUNCTION_(argc, argv);
        -: 6532:#else  // defined(GTEST_CUSTOM_INIT_GOOGLE_TEST_FUNCTION_)
    #####: 6533:  internal::InitGoogleTestImpl(argc, argv);
    %%%%%: 6533-block  0
        -: 6534:#endif  // defined(GTEST_CUSTOM_INIT_GOOGLE_TEST_FUNCTION_)
    #####: 6535:}
        -: 6536:
        -: 6537:// This overloaded version can be used on Arduino/embedded platforms where
        -: 6538:// there is no argc/argv.
    #####: 6539:void InitGoogleTest() {
        -: 6540:  // Since Arduino doesn't have a command line, fake out the argc/argv arguments
    #####: 6541:  int argc = 1;
    #####: 6542:  const auto arg0 = "dummy";
    #####: 6543:  char* argv0 = const_cast<char*>(arg0);
    #####: 6544:  char** argv = &argv0;
        -: 6545:
        -: 6546:#if defined(GTEST_CUSTOM_INIT_GOOGLE_TEST_FUNCTION_)
        -: 6547:  GTEST_CUSTOM_INIT_GOOGLE_TEST_FUNCTION_(&argc, argv);
        -: 6548:#else  // defined(GTEST_CUSTOM_INIT_GOOGLE_TEST_FUNCTION_)
    #####: 6549:  internal::InitGoogleTestImpl(&argc, argv);
    %%%%%: 6549-block  0
        -: 6550:#endif  // defined(GTEST_CUSTOM_INIT_GOOGLE_TEST_FUNCTION_)
    #####: 6551:}
    %%%%%: 6551-block  0
        -: 6552:
    #####: 6553:std::string TempDir() {
        -: 6554:#if defined(GTEST_CUSTOM_TEMPDIR_FUNCTION_)
        -: 6555:  return GTEST_CUSTOM_TEMPDIR_FUNCTION_();
        -: 6556:#endif
        -: 6557:
        -: 6558:#if GTEST_OS_WINDOWS_MOBILE
        -: 6559:  return "\\temp\\";
        -: 6560:#elif GTEST_OS_WINDOWS
        -: 6561:  const char* temp_dir = internal::posix::GetEnv("TEMP");
        -: 6562:  if (temp_dir == nullptr || temp_dir[0] == '\0')
        -: 6563:    return "\\temp\\";
        -: 6564:  else if (temp_dir[strlen(temp_dir) - 1] == '\\')
        -: 6565:    return temp_dir;
        -: 6566:  else
        -: 6567:    return std::string(temp_dir) + "\\";
        -: 6568:#elif GTEST_OS_LINUX_ANDROID
        -: 6569:  const char* temp_dir = internal::posix::GetEnv("TEST_TMPDIR");
        -: 6570:  if (temp_dir == nullptr || temp_dir[0] == '\0')
        -: 6571:    return "/data/local/tmp/";
        -: 6572:  else
        -: 6573:    return temp_dir;
        -: 6574:#else
    #####: 6575:  return "/tmp/";
    %%%%%: 6575-block  0
    %%%%%: 6575-block  1
    %%%%%: 6575-block  2
    $$$$$: 6575-block  3
        -: 6576:#endif  // GTEST_OS_WINDOWS_MOBILE
        -: 6577:}
        -: 6578:
        -: 6579:// Class ScopedTrace
        -: 6580:
        -: 6581:// Pushes the given source file location and message onto a per-thread
        -: 6582:// trace stack maintained by Google Test.
    #####: 6583:void ScopedTrace::PushTrace(const char* file, int line, std::string message) {
    #####: 6584:  internal::TraceInfo trace;
    %%%%%: 6584-block  0
    %%%%%: 6584-block  1
    $$$$$: 6584-block  2
    #####: 6585:  trace.file = file;
    #####: 6586:  trace.line = line;
    #####: 6587:  trace.message.swap(message);
        -: 6588:
    #####: 6589:  UnitTest::GetInstance()->PushGTestTrace(trace);
    %%%%%: 6589-block  0
    #####: 6590:}
        -: 6591:
        -: 6592:// Pops the info pushed by the c'tor.
    #####: 6593:ScopedTrace::~ScopedTrace()
        -: 6594:    GTEST_LOCK_EXCLUDED_(&UnitTest::mutex_) {
    #####: 6595:  UnitTest::GetInstance()->PopGTestTrace();
    %%%%%: 6595-block  0
    #####: 6596:}
        -: 6597:
        -: 6598:}  // namespace testing
