        -:    0:Source:/mnt/c/Users/xpewa/CLionProjects/Technopark-IZ/IZ-1/Google_tests/lib/googletest-master/googletest/include/gtest/internal/gtest-internal.h
        -:    0:Graph:/mnt/c/Users/xpewa/CLionProjects/Technopark-IZ/IZ-1/cmake-build-debug-coverage/Google_tests/CMakeFiles/Tests.dir/TestInsertionSort.cpp.gcno
        -:    0:Data:/mnt/c/Users/xpewa/CLionProjects/Technopark-IZ/IZ-1/cmake-build-debug-coverage/Google_tests/CMakeFiles/Tests.dir/TestInsertionSort.cpp.gcda
        -:    0:Runs:1
        -:    1:// Copyright 2005, Google Inc.
        -:    2:// All rights reserved.
        -:    3://
        -:    4:// Redistribution and use in source and binary forms, with or without
        -:    5:// modification, are permitted provided that the following conditions are
        -:    6:// met:
        -:    7://
        -:    8://     * Redistributions of source code must retain the above copyright
        -:    9:// notice, this list of conditions and the following disclaimer.
        -:   10://     * Redistributions in binary form must reproduce the above
        -:   11:// copyright notice, this list of conditions and the following disclaimer
        -:   12:// in the documentation and/or other materials provided with the
        -:   13:// distribution.
        -:   14://     * Neither the name of Google Inc. nor the names of its
        -:   15:// contributors may be used to endorse or promote products derived from
        -:   16:// this software without specific prior written permission.
        -:   17://
        -:   18:// THIS SOFTWARE IS PROVIDED BY THE COPYRIGHT HOLDERS AND CONTRIBUTORS
        -:   19:// "AS IS" AND ANY EXPRESS OR IMPLIED WARRANTIES, INCLUDING, BUT NOT
        -:   20:// LIMITED TO, THE IMPLIED WARRANTIES OF MERCHANTABILITY AND FITNESS FOR
        -:   21:// A PARTICULAR PURPOSE ARE DISCLAIMED. IN NO EVENT SHALL THE COPYRIGHT
        -:   22:// OWNER OR CONTRIBUTORS BE LIABLE FOR ANY DIRECT, INDIRECT, INCIDENTAL,
        -:   23:// SPECIAL, EXEMPLARY, OR CONSEQUENTIAL DAMAGES (INCLUDING, BUT NOT
        -:   24:// LIMITED TO, PROCUREMENT OF SUBSTITUTE GOODS OR SERVICES; LOSS OF USE,
        -:   25:// DATA, OR PROFITS; OR BUSINESS INTERRUPTION) HOWEVER CAUSED AND ON ANY
        -:   26:// THEORY OF LIABILITY, WHETHER IN CONTRACT, STRICT LIABILITY, OR TORT
        -:   27:// (INCLUDING NEGLIGENCE OR OTHERWISE) ARISING IN ANY WAY OUT OF THE USE
        -:   28:// OF THIS SOFTWARE, EVEN IF ADVISED OF THE POSSIBILITY OF SUCH DAMAGE.
        -:   29://
        -:   30:// The Google C++ Testing and Mocking Framework (Google Test)
        -:   31://
        -:   32:// This header file declares functions and macros used internally by
        -:   33:// Google Test.  They are subject to change without notice.
        -:   34:
        -:   35:// GOOGLETEST_CM0001 DO NOT DELETE
        -:   36:
        -:   37:#ifndef GTEST_INCLUDE_GTEST_INTERNAL_GTEST_INTERNAL_H_
        -:   38:#define GTEST_INCLUDE_GTEST_INTERNAL_GTEST_INTERNAL_H_
        -:   39:
        -:   40:#include "gtest/internal/gtest-port.h"
        -:   41:
        -:   42:#if GTEST_OS_LINUX
        -:   43:# include <stdlib.h>
        -:   44:# include <sys/types.h>
        -:   45:# include <sys/wait.h>
        -:   46:# include <unistd.h>
        -:   47:#endif  // GTEST_OS_LINUX
        -:   48:
        -:   49:#if GTEST_HAS_EXCEPTIONS
        -:   50:# include <stdexcept>
        -:   51:#endif
        -:   52:
        -:   53:#include <ctype.h>
        -:   54:#include <float.h>
        -:   55:#include <string.h>
        -:   56:#include <cstdint>
        -:   57:#include <iomanip>
        -:   58:#include <limits>
        -:   59:#include <map>
        -:   60:#include <set>
        -:   61:#include <string>
        -:   62:#include <type_traits>
        -:   63:#include <vector>
        -:   64:
        -:   65:#include "gtest/gtest-message.h"
        -:   66:#include "gtest/internal/gtest-filepath.h"
        -:   67:#include "gtest/internal/gtest-string.h"
        -:   68:#include "gtest/internal/gtest-type-util.h"
        -:   69:
        -:   70:// Due to C++ preprocessor weirdness, we need double indirection to
        -:   71:// concatenate two tokens when one of them is __LINE__.  Writing
        -:   72://
        -:   73://   foo ## __LINE__
        -:   74://
        -:   75:// will result in the token foo__LINE__, instead of foo followed by
        -:   76:// the current line number.  For more details, see
        -:   77:// http://www.parashift.com/c++-faq-lite/misc-technical-issues.html#faq-39.6
        -:   78:#define GTEST_CONCAT_TOKEN_(foo, bar) GTEST_CONCAT_TOKEN_IMPL_(foo, bar)
        -:   79:#define GTEST_CONCAT_TOKEN_IMPL_(foo, bar) foo ## bar
        -:   80:
        -:   81:// Stringifies its argument.
        -:   82:// Work around a bug in visual studio which doesn't accept code like this:
        -:   83://
        -:   84://   #define GTEST_STRINGIFY_(name) #name
        -:   85://   #define MACRO(a, b, c) ... GTEST_STRINGIFY_(a) ...
        -:   86://   MACRO(, x, y)
        -:   87://
        -:   88:// Complaining about the argument to GTEST_STRINGIFY_ being empty.
        -:   89:// This is allowed by the spec.
        -:   90:#define GTEST_STRINGIFY_HELPER_(name, ...) #name
        -:   91:#define GTEST_STRINGIFY_(...) GTEST_STRINGIFY_HELPER_(__VA_ARGS__, )
        -:   92:
        -:   93:namespace proto2 {
        -:   94:class MessageLite;
        -:   95:}
        -:   96:
        -:   97:namespace testing {
        -:   98:
        -:   99:// Forward declarations.
        -:  100:
        -:  101:class AssertionResult;                 // Result of an assertion.
        -:  102:class Message;                         // Represents a failure message.
        -:  103:class Test;                            // Represents a test.
        -:  104:class TestInfo;                        // Information about a test.
        -:  105:class TestPartResult;                  // Result of a test part.
        -:  106:class UnitTest;                        // A collection of test suites.
        -:  107:
        -:  108:template <typename T>
        -:  109:::std::string PrintToString(const T& value);
        -:  110:
        -:  111:namespace internal {
        -:  112:
        -:  113:struct TraceInfo;                      // Information about a trace point.
        -:  114:class TestInfoImpl;                    // Opaque implementation of TestInfo
        -:  115:class UnitTestImpl;                    // Opaque implementation of UnitTest
        -:  116:
        -:  117:// The text used in failure messages to indicate the start of the
        -:  118:// stack trace.
        -:  119:GTEST_API_ extern const char kStackTraceMarker[];
        -:  120:
        -:  121:// An IgnoredValue object can be implicitly constructed from ANY value.
        -:  122:class IgnoredValue {
        -:  123:  struct Sink {};
        -:  124: public:
        -:  125:  // This constructor template allows any value to be implicitly
        -:  126:  // converted to IgnoredValue.  The object has no data member and
        -:  127:  // doesn't try to remember anything about the argument.  We
        -:  128:  // deliberately omit the 'explicit' keyword in order to allow the
        -:  129:  // conversion to be implicit.
        -:  130:  // Disable the conversion if T already has a magical conversion operator.
        -:  131:  // Otherwise we get ambiguity.
        -:  132:  template <typename T,
        -:  133:            typename std::enable_if<!std::is_convertible<T, Sink>::value,
        -:  134:                                    int>::type = 0>
        -:  135:  IgnoredValue(const T& /* ignored */) {}  // NOLINT(runtime/explicit)
        -:  136:};
        -:  137:
        -:  138:// Appends the user-supplied message to the Google-Test-generated message.
        -:  139:GTEST_API_ std::string AppendUserMessage(
        -:  140:    const std::string& gtest_msg, const Message& user_msg);
        -:  141:
        -:  142:#if GTEST_HAS_EXCEPTIONS
        -:  143:
        -:  144:GTEST_DISABLE_MSC_WARNINGS_PUSH_(4275 \
        -:  145:/* an exported class was derived from a class that was not exported */)
        -:  146:
        -:  147:// This exception is thrown by (and only by) a failed Google Test
        -:  148:// assertion when GTEST_FLAG(throw_on_failure) is true (if exceptions
        -:  149:// are enabled).  We derive it from std::runtime_error, which is for
        -:  150:// errors presumably detectable only at run time.  Since
        -:  151:// std::runtime_error inherits from std::exception, many testing
        -:  152:// frameworks know how to extract and print the message inside it.
        -:  153:class GTEST_API_ GoogleTestFailureException : public ::std::runtime_error {
        -:  154: public:
        -:  155:  explicit GoogleTestFailureException(const TestPartResult& failure);
        -:  156:};
        -:  157:
        -:  158:GTEST_DISABLE_MSC_WARNINGS_POP_()  //  4275
        -:  159:
        -:  160:#endif  // GTEST_HAS_EXCEPTIONS
        -:  161:
        -:  162:namespace edit_distance {
        -:  163:// Returns the optimal edits to go from 'left' to 'right'.
        -:  164:// All edits cost the same, with replace having lower priority than
        -:  165:// add/remove.
        -:  166:// Simple implementation of the Wagner-Fischer algorithm.
        -:  167:// See http://en.wikipedia.org/wiki/Wagner-Fischer_algorithm
        -:  168:enum EditType { kMatch, kAdd, kRemove, kReplace };
        -:  169:GTEST_API_ std::vector<EditType> CalculateOptimalEdits(
        -:  170:    const std::vector<size_t>& left, const std::vector<size_t>& right);
        -:  171:
        -:  172:// Same as above, but the input is represented as strings.
        -:  173:GTEST_API_ std::vector<EditType> CalculateOptimalEdits(
        -:  174:    const std::vector<std::string>& left,
        -:  175:    const std::vector<std::string>& right);
        -:  176:
        -:  177:// Create a diff of the input strings in Unified diff format.
        -:  178:GTEST_API_ std::string CreateUnifiedDiff(const std::vector<std::string>& left,
        -:  179:                                         const std::vector<std::string>& right,
        -:  180:                                         size_t context = 2);
        -:  181:
        -:  182:}  // namespace edit_distance
        -:  183:
        -:  184:// Calculate the diff between 'left' and 'right' and return it in unified diff
        -:  185:// format.
        -:  186:// If not null, stores in 'total_line_count' the total number of lines found
        -:  187:// in left + right.
        -:  188:GTEST_API_ std::string DiffStrings(const std::string& left,
        -:  189:                                   const std::string& right,
        -:  190:                                   size_t* total_line_count);
        -:  191:
        -:  192:// Constructs and returns the message for an equality assertion
        -:  193:// (e.g. ASSERT_EQ, EXPECT_STREQ, etc) failure.
        -:  194://
        -:  195:// The first four parameters are the expressions used in the assertion
        -:  196:// and their values, as strings.  For example, for ASSERT_EQ(foo, bar)
        -:  197:// where foo is 5 and bar is 6, we have:
        -:  198://
        -:  199://   expected_expression: "foo"
        -:  200://   actual_expression:   "bar"
        -:  201://   expected_value:      "5"
        -:  202://   actual_value:        "6"
        -:  203://
        -:  204:// The ignoring_case parameter is true if and only if the assertion is a
        -:  205:// *_STRCASEEQ*.  When it's true, the string " (ignoring case)" will
        -:  206:// be inserted into the message.
        -:  207:GTEST_API_ AssertionResult EqFailure(const char* expected_expression,
        -:  208:                                     const char* actual_expression,
        -:  209:                                     const std::string& expected_value,
        -:  210:                                     const std::string& actual_value,
        -:  211:                                     bool ignoring_case);
        -:  212:
        -:  213:// Constructs a failure message for Boolean assertions such as EXPECT_TRUE.
        -:  214:GTEST_API_ std::string GetBoolAssertionFailureMessage(
        -:  215:    const AssertionResult& assertion_result,
        -:  216:    const char* expression_text,
        -:  217:    const char* actual_predicate_value,
        -:  218:    const char* expected_predicate_value);
        -:  219:
        -:  220:// This template class represents an IEEE floating-point number
        -:  221:// (either single-precision or double-precision, depending on the
        -:  222:// template parameters).
        -:  223://
        -:  224:// The purpose of this class is to do more sophisticated number
        -:  225:// comparison.  (Due to round-off error, etc, it's very unlikely that
        -:  226:// two floating-points will be equal exactly.  Hence a naive
        -:  227:// comparison by the == operation often doesn't work.)
        -:  228://
        -:  229:// Format of IEEE floating-point:
        -:  230://
        -:  231://   The most-significant bit being the leftmost, an IEEE
        -:  232://   floating-point looks like
        -:  233://
        -:  234://     sign_bit exponent_bits fraction_bits
        -:  235://
        -:  236://   Here, sign_bit is a single bit that designates the sign of the
        -:  237://   number.
        -:  238://
        -:  239://   For float, there are 8 exponent bits and 23 fraction bits.
        -:  240://
        -:  241://   For double, there are 11 exponent bits and 52 fraction bits.
        -:  242://
        -:  243://   More details can be found at
        -:  244://   http://en.wikipedia.org/wiki/IEEE_floating-point_standard.
        -:  245://
        -:  246:// Template parameter:
        -:  247://
        -:  248://   RawType: the raw floating-point type (either float or double)
        -:  249:template <typename RawType>
        -:  250:class FloatingPoint {
        -:  251: public:
        -:  252:  // Defines the unsigned integer type that has the same size as the
        -:  253:  // floating point number.
        -:  254:  typedef typename TypeWithSize<sizeof(RawType)>::UInt Bits;
        -:  255:
        -:  256:  // Constants.
        -:  257:
        -:  258:  // # of bits in a number.
        -:  259:  static const size_t kBitCount = 8*sizeof(RawType);
        -:  260:
        -:  261:  // # of fraction bits in a number.
        -:  262:  static const size_t kFractionBitCount =
        -:  263:    std::numeric_limits<RawType>::digits - 1;
        -:  264:
        -:  265:  // # of exponent bits in a number.
        -:  266:  static const size_t kExponentBitCount = kBitCount - 1 - kFractionBitCount;
        -:  267:
        -:  268:  // The mask for the sign bit.
        -:  269:  static const Bits kSignBitMask = static_cast<Bits>(1) << (kBitCount - 1);
        -:  270:
        -:  271:  // The mask for the fraction bits.
        -:  272:  static const Bits kFractionBitMask =
        -:  273:    ~static_cast<Bits>(0) >> (kExponentBitCount + 1);
        -:  274:
        -:  275:  // The mask for the exponent bits.
        -:  276:  static const Bits kExponentBitMask = ~(kSignBitMask | kFractionBitMask);
        -:  277:
        -:  278:  // How many ULP's (Units in the Last Place) we want to tolerate when
        -:  279:  // comparing two numbers.  The larger the value, the more error we
        -:  280:  // allow.  A 0 value means that two numbers must be exactly the same
        -:  281:  // to be considered equal.
        -:  282:  //
        -:  283:  // The maximum error of a single floating-point operation is 0.5
        -:  284:  // units in the last place.  On Intel CPU's, all floating-point
        -:  285:  // calculations are done with 80-bit precision, while double has 64
        -:  286:  // bits.  Therefore, 4 should be enough for ordinary use.
        -:  287:  //
        -:  288:  // See the following article for more details on ULP:
        -:  289:  // http://randomascii.wordpress.com/2012/02/25/comparing-floating-point-numbers-2012-edition/
        -:  290:  static const size_t kMaxUlps = 4;
        -:  291:
        -:  292:  // Constructs a FloatingPoint from a raw floating-point number.
        -:  293:  //
        -:  294:  // On an Intel CPU, passing a non-normalized NAN (Not a Number)
        -:  295:  // around may change its bits, although the new value is guaranteed
        -:  296:  // to be also a NAN.  Therefore, don't expect this constructor to
        -:  297:  // preserve the bits in x when x is a NAN.
        -:  298:  explicit FloatingPoint(const RawType& x) { u_.value_ = x; }
        -:  299:
        -:  300:  // Static methods
        -:  301:
        -:  302:  // Reinterprets a bit pattern as a floating-point number.
        -:  303:  //
        -:  304:  // This function is needed to test the AlmostEquals() method.
        -:  305:  static RawType ReinterpretBits(const Bits bits) {
        -:  306:    FloatingPoint fp(0);
        -:  307:    fp.u_.bits_ = bits;
        -:  308:    return fp.u_.value_;
        -:  309:  }
        -:  310:
        -:  311:  // Returns the floating-point number that represent positive infinity.
        -:  312:  static RawType Infinity() {
        -:  313:    return ReinterpretBits(kExponentBitMask);
        -:  314:  }
        -:  315:
        -:  316:  // Returns the maximum representable finite floating-point number.
        -:  317:  static RawType Max();
        -:  318:
        -:  319:  // Non-static methods
        -:  320:
        -:  321:  // Returns the bits that represents this number.
        -:  322:  const Bits &bits() const { return u_.bits_; }
        -:  323:
        -:  324:  // Returns the exponent bits of this number.
        -:  325:  Bits exponent_bits() const { return kExponentBitMask & u_.bits_; }
        -:  326:
        -:  327:  // Returns the fraction bits of this number.
        -:  328:  Bits fraction_bits() const { return kFractionBitMask & u_.bits_; }
        -:  329:
        -:  330:  // Returns the sign bit of this number.
        -:  331:  Bits sign_bit() const { return kSignBitMask & u_.bits_; }
        -:  332:
        -:  333:  // Returns true if and only if this is NAN (not a number).
        -:  334:  bool is_nan() const {
        -:  335:    // It's a NAN if the exponent bits are all ones and the fraction
        -:  336:    // bits are not entirely zeros.
        -:  337:    return (exponent_bits() == kExponentBitMask) && (fraction_bits() != 0);
        -:  338:  }
        -:  339:
        -:  340:  // Returns true if and only if this number is at most kMaxUlps ULP's away
        -:  341:  // from rhs.  In particular, this function:
        -:  342:  //
        -:  343:  //   - returns false if either number is (or both are) NAN.
        -:  344:  //   - treats really large numbers as almost equal to infinity.
        -:  345:  //   - thinks +0.0 and -0.0 are 0 DLP's apart.
        -:  346:  bool AlmostEquals(const FloatingPoint& rhs) const {
        -:  347:    // The IEEE standard says that any comparison operation involving
        -:  348:    // a NAN must return false.
        -:  349:    if (is_nan() || rhs.is_nan()) return false;
        -:  350:
        -:  351:    return DistanceBetweenSignAndMagnitudeNumbers(u_.bits_, rhs.u_.bits_)
        -:  352:        <= kMaxUlps;
        -:  353:  }
        -:  354:
        -:  355: private:
        -:  356:  // The data type used to store the actual floating-point number.
        -:  357:  union FloatingPointUnion {
        -:  358:    RawType value_;  // The raw floating-point number.
        -:  359:    Bits bits_;      // The bits that represent the number.
        -:  360:  };
        -:  361:
        -:  362:  // Converts an integer from the sign-and-magnitude representation to
        -:  363:  // the biased representation.  More precisely, let N be 2 to the
        -:  364:  // power of (kBitCount - 1), an integer x is represented by the
        -:  365:  // unsigned number x + N.
        -:  366:  //
        -:  367:  // For instance,
        -:  368:  //
        -:  369:  //   -N + 1 (the most negative number representable using
        -:  370:  //          sign-and-magnitude) is represented by 1;
        -:  371:  //   0      is represented by N; and
        -:  372:  //   N - 1  (the biggest number representable using
        -:  373:  //          sign-and-magnitude) is represented by 2N - 1.
        -:  374:  //
        -:  375:  // Read http://en.wikipedia.org/wiki/Signed_number_representations
        -:  376:  // for more details on signed number representations.
        -:  377:  static Bits SignAndMagnitudeToBiased(const Bits &sam) {
        -:  378:    if (kSignBitMask & sam) {
        -:  379:      // sam represents a negative number.
        -:  380:      return ~sam + 1;
        -:  381:    } else {
        -:  382:      // sam represents a positive number.
        -:  383:      return kSignBitMask | sam;
        -:  384:    }
        -:  385:  }
        -:  386:
        -:  387:  // Given two numbers in the sign-and-magnitude representation,
        -:  388:  // returns the distance between them as an unsigned number.
        -:  389:  static Bits DistanceBetweenSignAndMagnitudeNumbers(const Bits &sam1,
        -:  390:                                                     const Bits &sam2) {
        -:  391:    const Bits biased1 = SignAndMagnitudeToBiased(sam1);
        -:  392:    const Bits biased2 = SignAndMagnitudeToBiased(sam2);
        -:  393:    return (biased1 >= biased2) ? (biased1 - biased2) : (biased2 - biased1);
        -:  394:  }
        -:  395:
        -:  396:  FloatingPointUnion u_;
        -:  397:};
        -:  398:
        -:  399:// We cannot use std::numeric_limits<T>::max() as it clashes with the max()
        -:  400:// macro defined by <windows.h>.
        -:  401:template <>
        -:  402:inline float FloatingPoint<float>::Max() { return FLT_MAX; }
        -:  403:template <>
        -:  404:inline double FloatingPoint<double>::Max() { return DBL_MAX; }
        -:  405:
        -:  406:// Typedefs the instances of the FloatingPoint template class that we
        -:  407:// care to use.
        -:  408:typedef FloatingPoint<float> Float;
        -:  409:typedef FloatingPoint<double> Double;
        -:  410:
        -:  411:// In order to catch the mistake of putting tests that use different
        -:  412:// test fixture classes in the same test suite, we need to assign
        -:  413:// unique IDs to fixture classes and compare them.  The TypeId type is
        -:  414:// used to hold such IDs.  The user should treat TypeId as an opaque
        -:  415:// type: the only operation allowed on TypeId values is to compare
        -:  416:// them for equality using the == operator.
        -:  417:typedef const void* TypeId;
        -:  418:
        -:  419:template <typename T>
        -:  420:class TypeIdHelper {
        -:  421: public:
        -:  422:  // dummy_ must not have a const type.  Otherwise an overly eager
        -:  423:  // compiler (e.g. MSVC 7.1 & 8.0) may try to merge
        -:  424:  // TypeIdHelper<T>::dummy_ for different Ts as an "optimization".
        -:  425:  static bool dummy_;
        -:  426:};
        -:  427:
        -:  428:template <typename T>
        -:  429:bool TypeIdHelper<T>::dummy_ = false;
        -:  430:
        -:  431:// GetTypeId<T>() returns the ID of type T.  Different values will be
        -:  432:// returned for different types.  Calling the function twice with the
        -:  433:// same type argument is guaranteed to return the same ID.
        -:  434:template <typename T>
        -:  435:TypeId GetTypeId() {
        -:  436:  // The compiler is required to allocate a different
        -:  437:  // TypeIdHelper<T>::dummy_ variable for each T used to instantiate
        -:  438:  // the template.  Therefore, the address of dummy_ is guaranteed to
        -:  439:  // be unique.
        -:  440:  return &(TypeIdHelper<T>::dummy_);
        -:  441:}
        -:  442:
        -:  443:// Returns the type ID of ::testing::Test.  Always call this instead
        -:  444:// of GetTypeId< ::testing::Test>() to get the type ID of
        -:  445:// ::testing::Test, as the latter may give the wrong result due to a
        -:  446:// suspected linker bug when compiling Google Test as a Mac OS X
        -:  447:// framework.
        -:  448:GTEST_API_ TypeId GetTestTypeId();
        -:  449:
        -:  450:// Defines the abstract factory interface that creates instances
        -:  451:// of a Test object.
        -:  452:class TestFactoryBase {
        -:  453: public:
       2*:  454:  virtual ~TestFactoryBase() {}
------------------
_ZN7testing8internal15TestFactoryBaseD0Ev:
    #####:  454:  virtual ~TestFactoryBase() {}
    %%%%%:  454-block  0
------------------
_ZN7testing8internal15TestFactoryBaseD2Ev:
        2:  454:  virtual ~TestFactoryBase() {}
------------------
        -:  455:
        -:  456:  // Creates a test instance to run. The instance is both created and destroyed
        -:  457:  // within TestInfoImpl::Run()
        -:  458:  virtual Test* CreateTest() = 0;
        -:  459:
        -:  460: protected:
        2:  461:  TestFactoryBase() {}
        -:  462:
        -:  463: private:
        -:  464:  GTEST_DISALLOW_COPY_AND_ASSIGN_(TestFactoryBase);
        -:  465:};
        -:  466:
        -:  467:// This class provides implementation of TeastFactoryBase interface.
        -:  468:// It is used in TEST and TEST_F macros.
        -:  469:template <class TestClass>
        -:  470:class TestFactoryImpl : public TestFactoryBase {
        -:  471: public:
        2:  472:  Test* CreateTest() override { return new TestClass; }
------------------
_ZN7testing8internal15TestFactoryImplI26test001_InsertionSort_TestE10CreateTestEv:
        1:  472:  Test* CreateTest() override { return new TestClass; }
        1:  472-block  0
        1:  472-block  1
        1:  472-block  2
    $$$$$:  472-block  3
------------------
_ZN7testing8internal15TestFactoryImplI26test002_InsertionSort_TestE10CreateTestEv:
        1:  472:  Test* CreateTest() override { return new TestClass; }
        1:  472-block  0
        1:  472-block  1
        1:  472-block  2
    $$$$$:  472-block  3
------------------
        -:  473:};
        -:  474:
        -:  475:#if GTEST_OS_WINDOWS
        -:  476:
        -:  477:// Predicate-formatters for implementing the HRESULT checking macros
        -:  478:// {ASSERT|EXPECT}_HRESULT_{SUCCEEDED|FAILED}
        -:  479:// We pass a long instead of HRESULT to avoid causing an
        -:  480:// include dependency for the HRESULT type.
        -:  481:GTEST_API_ AssertionResult IsHRESULTSuccess(const char* expr,
        -:  482:                                            long hr);  // NOLINT
        -:  483:GTEST_API_ AssertionResult IsHRESULTFailure(const char* expr,
        -:  484:                                            long hr);  // NOLINT
        -:  485:
        -:  486:#endif  // GTEST_OS_WINDOWS
        -:  487:
        -:  488:// Types of SetUpTestSuite() and TearDownTestSuite() functions.
        -:  489:using SetUpTestSuiteFunc = void (*)();
        -:  490:using TearDownTestSuiteFunc = void (*)();
        -:  491:
        -:  492:struct CodeLocation {
        2:  493:  CodeLocation(const std::string& a_file, int a_line)
        2:  494:      : file(a_file), line(a_line) {}
        2:  494-block  0
        -:  495:
        -:  496:  std::string file;
        -:  497:  int line;
        -:  498:};
        -:  499:
        -:  500://  Helper to identify which setup function for TestCase / TestSuite to call.
        -:  501://  Only one function is allowed, either TestCase or TestSute but not both.
        -:  502:
        -:  503:// Utility functions to help SuiteApiResolver
        -:  504:using SetUpTearDownSuiteFuncType = void (*)();
        -:  505:
        8:  506:inline SetUpTearDownSuiteFuncType GetNotDefaultOrNull(
        -:  507:    SetUpTearDownSuiteFuncType a, SetUpTearDownSuiteFuncType def) {
       8*:  508:  return a == def ? nullptr : a;
        8:  508-block  0
    %%%%%:  508-block  1
        8:  508-block  2
        8:  508-block  3
        -:  509:}
        -:  510:
        -:  511:template <typename T>
        -:  512://  Note that SuiteApiResolver inherits from T because
        -:  513://  SetUpTestSuite()/TearDownTestSuite() could be protected. Ths way
        -:  514://  SuiteApiResolver can access them.
        -:  515:struct SuiteApiResolver : T {
        -:  516:  // testing::Test is only forward declared at this point. So we make it a
        -:  517:  // dependend class for the compiler to be OK with it.
        -:  518:  using Test =
        -:  519:      typename std::conditional<sizeof(T) != 0, ::testing::Test, void>::type;
        -:  520:
        2:  521:  static SetUpTearDownSuiteFuncType GetSetUpCaseOrSuite(const char* filename,
        -:  522:                                                        int line_num) {
        -:  523:#ifndef GTEST_REMOVE_LEGACY_TEST_CASEAPI_
        -:  524:    SetUpTearDownSuiteFuncType test_case_fp =
        2:  525:        GetNotDefaultOrNull(&T::SetUpTestCase, &Test::SetUpTestCase);
        2:  525-block  0
        -:  526:    SetUpTearDownSuiteFuncType test_suite_fp =
        2:  527:        GetNotDefaultOrNull(&T::SetUpTestSuite, &Test::SetUpTestSuite);
        -:  528:
       2*:  529:    GTEST_CHECK_(!test_case_fp || !test_suite_fp)
    %%%%%:  529-block  0
        2:  529-block  1
    %%%%%:  529-block  2
        2:  529-block  3
    %%%%%:  529-block  4
    %%%%%:  529-block  5
    $$$$$:  529-block  6
        -:  530:        << "Test can not provide both SetUpTestSuite and SetUpTestCase, please "
        -:  531:           "make sure there is only one present at "
    #####:  532:        << filename << ":" << line_num;
    %%%%%:  532-block  0
    %%%%%:  532-block  1
    %%%%%:  532-block  2
    %%%%%:  532-block  3
        -:  533:
       2*:  534:    return test_case_fp != nullptr ? test_case_fp : test_suite_fp;
        2:  534-block  0
    %%%%%:  534-block  1
        2:  534-block  2
        2:  534-block  3
        2:  534-block  4
        -:  535:#else
        -:  536:    (void)(filename);
        -:  537:    (void)(line_num);
        -:  538:    return &T::SetUpTestSuite;
        -:  539:#endif
        -:  540:  }
        -:  541:
        2:  542:  static SetUpTearDownSuiteFuncType GetTearDownCaseOrSuite(const char* filename,
        -:  543:                                                           int line_num) {
        -:  544:#ifndef GTEST_REMOVE_LEGACY_TEST_CASEAPI_
        -:  545:    SetUpTearDownSuiteFuncType test_case_fp =
        2:  546:        GetNotDefaultOrNull(&T::TearDownTestCase, &Test::TearDownTestCase);
        2:  546-block  0
        -:  547:    SetUpTearDownSuiteFuncType test_suite_fp =
        2:  548:        GetNotDefaultOrNull(&T::TearDownTestSuite, &Test::TearDownTestSuite);
        -:  549:
       2*:  550:    GTEST_CHECK_(!test_case_fp || !test_suite_fp)
    %%%%%:  550-block  0
        2:  550-block  1
    %%%%%:  550-block  2
        2:  550-block  3
    %%%%%:  550-block  4
    %%%%%:  550-block  5
    $$$$$:  550-block  6
        -:  551:        << "Test can not provide both TearDownTestSuite and TearDownTestCase,"
        -:  552:           " please make sure there is only one present at"
    #####:  553:        << filename << ":" << line_num;
    %%%%%:  553-block  0
    %%%%%:  553-block  1
    %%%%%:  553-block  2
    %%%%%:  553-block  3
        -:  554:
       2*:  555:    return test_case_fp != nullptr ? test_case_fp : test_suite_fp;
        2:  555-block  0
    %%%%%:  555-block  1
        2:  555-block  2
        2:  555-block  3
        2:  555-block  4
        -:  556:#else
        -:  557:    (void)(filename);
        -:  558:    (void)(line_num);
        -:  559:    return &T::TearDownTestSuite;
        -:  560:#endif
        -:  561:  }
        -:  562:};
        -:  563:
        -:  564:// Creates a new TestInfo object and registers it with Google Test;
        -:  565:// returns the created object.
        -:  566://
        -:  567:// Arguments:
        -:  568://
        -:  569://   test_suite_name:   name of the test suite
        -:  570://   name:             name of the test
        -:  571://   type_param        the name of the test's type parameter, or NULL if
        -:  572://                     this is not a typed or a type-parameterized test.
        -:  573://   value_param       text representation of the test's value parameter,
        -:  574://                     or NULL if this is not a type-parameterized test.
        -:  575://   code_location:    code location where the test is defined
        -:  576://   fixture_class_id: ID of the test fixture class
        -:  577://   set_up_tc:        pointer to the function that sets up the test suite
        -:  578://   tear_down_tc:     pointer to the function that tears down the test suite
        -:  579://   factory:          pointer to the factory that creates a test object.
        -:  580://                     The newly created TestInfo instance will assume
        -:  581://                     ownership of the factory object.
        -:  582:GTEST_API_ TestInfo* MakeAndRegisterTestInfo(
        -:  583:    const char* test_suite_name, const char* name, const char* type_param,
        -:  584:    const char* value_param, CodeLocation code_location,
        -:  585:    TypeId fixture_class_id, SetUpTestSuiteFunc set_up_tc,
        -:  586:    TearDownTestSuiteFunc tear_down_tc, TestFactoryBase* factory);
        -:  587:
        -:  588:// If *pstr starts with the given prefix, modifies *pstr to be right
        -:  589:// past the prefix and returns true; otherwise leaves *pstr unchanged
        -:  590:// and returns false.  None of pstr, *pstr, and prefix can be NULL.
        -:  591:GTEST_API_ bool SkipPrefix(const char* prefix, const char** pstr);
        -:  592:
        -:  593:#if GTEST_HAS_TYPED_TEST || GTEST_HAS_TYPED_TEST_P
        -:  594:
        -:  595:GTEST_DISABLE_MSC_WARNINGS_PUSH_(4251 \
        -:  596:/* class A needs to have dll-interface to be used by clients of class B */)
        -:  597:
        -:  598:// State of the definition of a type-parameterized test suite.
        -:  599:class GTEST_API_ TypedTestSuitePState {
        -:  600: public:
        -:  601:  TypedTestSuitePState() : registered_(false) {}
        -:  602:
        -:  603:  // Adds the given test name to defined_test_names_ and return true
        -:  604:  // if the test suite hasn't been registered; otherwise aborts the
        -:  605:  // program.
        -:  606:  bool AddTestName(const char* file, int line, const char* case_name,
        -:  607:                   const char* test_name) {
        -:  608:    if (registered_) {
        -:  609:      fprintf(stderr,
        -:  610:              "%s Test %s must be defined before "
        -:  611:              "REGISTER_TYPED_TEST_SUITE_P(%s, ...).\n",
        -:  612:              FormatFileLocation(file, line).c_str(), test_name, case_name);
        -:  613:      fflush(stderr);
        -:  614:      posix::Abort();
        -:  615:    }
        -:  616:    registered_tests_.insert(
        -:  617:        ::std::make_pair(test_name, CodeLocation(file, line)));
        -:  618:    return true;
        -:  619:  }
        -:  620:
        -:  621:  bool TestExists(const std::string& test_name) const {
        -:  622:    return registered_tests_.count(test_name) > 0;
        -:  623:  }
        -:  624:
        -:  625:  const CodeLocation& GetCodeLocation(const std::string& test_name) const {
        -:  626:    RegisteredTestsMap::const_iterator it = registered_tests_.find(test_name);
        -:  627:    GTEST_CHECK_(it != registered_tests_.end());
        -:  628:    return it->second;
        -:  629:  }
        -:  630:
        -:  631:  // Verifies that registered_tests match the test names in
        -:  632:  // defined_test_names_; returns registered_tests if successful, or
        -:  633:  // aborts the program otherwise.
        -:  634:  const char* VerifyRegisteredTestNames(const char* test_suite_name,
        -:  635:                                        const char* file, int line,
        -:  636:                                        const char* registered_tests);
        -:  637:
        -:  638: private:
        -:  639:  typedef ::std::map<std::string, CodeLocation> RegisteredTestsMap;
        -:  640:
        -:  641:  bool registered_;
        -:  642:  RegisteredTestsMap registered_tests_;
        -:  643:};
        -:  644:
        -:  645://  Legacy API is deprecated but still available
        -:  646:#ifndef GTEST_REMOVE_LEGACY_TEST_CASEAPI_
        -:  647:using TypedTestCasePState = TypedTestSuitePState;
        -:  648:#endif  //  GTEST_REMOVE_LEGACY_TEST_CASEAPI_
        -:  649:
        -:  650:GTEST_DISABLE_MSC_WARNINGS_POP_()  //  4251
        -:  651:
        -:  652:// Skips to the first non-space char after the first comma in 'str';
        -:  653:// returns NULL if no comma is found in 'str'.
        -:  654:inline const char* SkipComma(const char* str) {
        -:  655:  const char* comma = strchr(str, ',');
        -:  656:  if (comma == nullptr) {
        -:  657:    return nullptr;
        -:  658:  }
        -:  659:  while (IsSpace(*(++comma))) {}
        -:  660:  return comma;
        -:  661:}
        -:  662:
        -:  663:// Returns the prefix of 'str' before the first comma in it; returns
        -:  664:// the entire string if it contains no comma.
        -:  665:inline std::string GetPrefixUntilComma(const char* str) {
        -:  666:  const char* comma = strchr(str, ',');
        -:  667:  return comma == nullptr ? str : std::string(str, comma);
        -:  668:}
        -:  669:
        -:  670:// Splits a given string on a given delimiter, populating a given
        -:  671:// vector with the fields.
        -:  672:void SplitString(const ::std::string& str, char delimiter,
        -:  673:                 ::std::vector< ::std::string>* dest);
        -:  674:
        -:  675:// The default argument to the template below for the case when the user does
        -:  676:// not provide a name generator.
        -:  677:struct DefaultNameGenerator {
        -:  678:  template <typename T>
        -:  679:  static std::string GetName(int i) {
        -:  680:    return StreamableToString(i);
        -:  681:  }
        -:  682:};
        -:  683:
        -:  684:template <typename Provided = DefaultNameGenerator>
        -:  685:struct NameGeneratorSelector {
        -:  686:  typedef Provided type;
        -:  687:};
        -:  688:
        -:  689:template <typename NameGenerator>
        -:  690:void GenerateNamesRecursively(internal::None, std::vector<std::string>*, int) {}
        -:  691:
        -:  692:template <typename NameGenerator, typename Types>
        -:  693:void GenerateNamesRecursively(Types, std::vector<std::string>* result, int i) {
        -:  694:  result->push_back(NameGenerator::template GetName<typename Types::Head>(i));
        -:  695:  GenerateNamesRecursively<NameGenerator>(typename Types::Tail(), result,
        -:  696:                                          i + 1);
        -:  697:}
        -:  698:
        -:  699:template <typename NameGenerator, typename Types>
        -:  700:std::vector<std::string> GenerateNames() {
        -:  701:  std::vector<std::string> result;
        -:  702:  GenerateNamesRecursively<NameGenerator>(Types(), &result, 0);
        -:  703:  return result;
        -:  704:}
        -:  705:
        -:  706:// TypeParameterizedTest<Fixture, TestSel, Types>::Register()
        -:  707:// registers a list of type-parameterized tests with Google Test.  The
        -:  708:// return value is insignificant - we just need to return something
        -:  709:// such that we can call this function in a namespace scope.
        -:  710://
        -:  711:// Implementation note: The GTEST_TEMPLATE_ macro declares a template
        -:  712:// template parameter.  It's defined in gtest-type-util.h.
        -:  713:template <GTEST_TEMPLATE_ Fixture, class TestSel, typename Types>
        -:  714:class TypeParameterizedTest {
        -:  715: public:
        -:  716:  // 'index' is the index of the test in the type list 'Types'
        -:  717:  // specified in INSTANTIATE_TYPED_TEST_SUITE_P(Prefix, TestSuite,
        -:  718:  // Types).  Valid values for 'index' are [0, N - 1] where N is the
        -:  719:  // length of Types.
        -:  720:  static bool Register(const char* prefix, const CodeLocation& code_location,
        -:  721:                       const char* case_name, const char* test_names, int index,
        -:  722:                       const std::vector<std::string>& type_names =
        -:  723:                           GenerateNames<DefaultNameGenerator, Types>()) {
        -:  724:    typedef typename Types::Head Type;
        -:  725:    typedef Fixture<Type> FixtureClass;
        -:  726:    typedef typename GTEST_BIND_(TestSel, Type) TestClass;
        -:  727:
        -:  728:    // First, registers the first type-parameterized test in the type
        -:  729:    // list.
        -:  730:    MakeAndRegisterTestInfo(
        -:  731:        (std::string(prefix) + (prefix[0] == '\0' ? "" : "/") + case_name +
        -:  732:         "/" + type_names[static_cast<size_t>(index)])
        -:  733:            .c_str(),
        -:  734:        StripTrailingSpaces(GetPrefixUntilComma(test_names)).c_str(),
        -:  735:        GetTypeName<Type>().c_str(),
        -:  736:        nullptr,  // No value parameter.
        -:  737:        code_location, GetTypeId<FixtureClass>(),
        -:  738:        SuiteApiResolver<TestClass>::GetSetUpCaseOrSuite(
        -:  739:            code_location.file.c_str(), code_location.line),
        -:  740:        SuiteApiResolver<TestClass>::GetTearDownCaseOrSuite(
        -:  741:            code_location.file.c_str(), code_location.line),
        -:  742:        new TestFactoryImpl<TestClass>);
        -:  743:
        -:  744:    // Next, recurses (at compile time) with the tail of the type list.
        -:  745:    return TypeParameterizedTest<Fixture, TestSel,
        -:  746:                                 typename Types::Tail>::Register(prefix,
        -:  747:                                                                 code_location,
        -:  748:                                                                 case_name,
        -:  749:                                                                 test_names,
        -:  750:                                                                 index + 1,
        -:  751:                                                                 type_names);
        -:  752:  }
        -:  753:};
        -:  754:
        -:  755:// The base case for the compile time recursion.
        -:  756:template <GTEST_TEMPLATE_ Fixture, class TestSel>
        -:  757:class TypeParameterizedTest<Fixture, TestSel, internal::None> {
        -:  758: public:
        -:  759:  static bool Register(const char* /*prefix*/, const CodeLocation&,
        -:  760:                       const char* /*case_name*/, const char* /*test_names*/,
        -:  761:                       int /*index*/,
        -:  762:                       const std::vector<std::string>& =
        -:  763:                           std::vector<std::string>() /*type_names*/) {
        -:  764:    return true;
        -:  765:  }
        -:  766:};
        -:  767:
        -:  768:GTEST_API_ void RegisterTypeParameterizedTestSuite(const char* test_suite_name,
        -:  769:                                                   CodeLocation code_location);
        -:  770:GTEST_API_ void RegisterTypeParameterizedTestSuiteInstantiation(
        -:  771:    const char* case_name);
        -:  772:
        -:  773:// TypeParameterizedTestSuite<Fixture, Tests, Types>::Register()
        -:  774:// registers *all combinations* of 'Tests' and 'Types' with Google
        -:  775:// Test.  The return value is insignificant - we just need to return
        -:  776:// something such that we can call this function in a namespace scope.
        -:  777:template <GTEST_TEMPLATE_ Fixture, typename Tests, typename Types>
        -:  778:class TypeParameterizedTestSuite {
        -:  779: public:
        -:  780:  static bool Register(const char* prefix, CodeLocation code_location,
        -:  781:                       const TypedTestSuitePState* state, const char* case_name,
        -:  782:                       const char* test_names,
        -:  783:                       const std::vector<std::string>& type_names =
        -:  784:                           GenerateNames<DefaultNameGenerator, Types>()) {
        -:  785:    RegisterTypeParameterizedTestSuiteInstantiation(case_name);
        -:  786:    std::string test_name = StripTrailingSpaces(
        -:  787:        GetPrefixUntilComma(test_names));
        -:  788:    if (!state->TestExists(test_name)) {
        -:  789:      fprintf(stderr, "Failed to get code location for test %s.%s at %s.",
        -:  790:              case_name, test_name.c_str(),
        -:  791:              FormatFileLocation(code_location.file.c_str(),
        -:  792:                                 code_location.line).c_str());
        -:  793:      fflush(stderr);
        -:  794:      posix::Abort();
        -:  795:    }
        -:  796:    const CodeLocation& test_location = state->GetCodeLocation(test_name);
        -:  797:
        -:  798:    typedef typename Tests::Head Head;
        -:  799:
        -:  800:    // First, register the first test in 'Test' for each type in 'Types'.
        -:  801:    TypeParameterizedTest<Fixture, Head, Types>::Register(
        -:  802:        prefix, test_location, case_name, test_names, 0, type_names);
        -:  803:
        -:  804:    // Next, recurses (at compile time) with the tail of the test list.
        -:  805:    return TypeParameterizedTestSuite<Fixture, typename Tests::Tail,
        -:  806:                                      Types>::Register(prefix, code_location,
        -:  807:                                                       state, case_name,
        -:  808:                                                       SkipComma(test_names),
        -:  809:                                                       type_names);
        -:  810:  }
        -:  811:};
        -:  812:
        -:  813:// The base case for the compile time recursion.
        -:  814:template <GTEST_TEMPLATE_ Fixture, typename Types>
        -:  815:class TypeParameterizedTestSuite<Fixture, internal::None, Types> {
        -:  816: public:
        -:  817:  static bool Register(const char* /*prefix*/, const CodeLocation&,
        -:  818:                       const TypedTestSuitePState* /*state*/,
        -:  819:                       const char* /*case_name*/, const char* /*test_names*/,
        -:  820:                       const std::vector<std::string>& =
        -:  821:                           std::vector<std::string>() /*type_names*/) {
        -:  822:    return true;
        -:  823:  }
        -:  824:};
        -:  825:
        -:  826:#endif  // GTEST_HAS_TYPED_TEST || GTEST_HAS_TYPED_TEST_P
        -:  827:
        -:  828:// Returns the current OS stack trace as an std::string.
        -:  829://
        -:  830:// The maximum number of stack frames to be included is specified by
        -:  831:// the gtest_stack_trace_depth flag.  The skip_count parameter
        -:  832:// specifies the number of top frames to be skipped, which doesn't
        -:  833:// count against the number of frames to be included.
        -:  834://
        -:  835:// For example, if Foo() calls Bar(), which in turn calls
        -:  836:// GetCurrentOsStackTraceExceptTop(..., 1), Foo() will be included in
        -:  837:// the trace but Bar() and GetCurrentOsStackTraceExceptTop() won't.
        -:  838:GTEST_API_ std::string GetCurrentOsStackTraceExceptTop(
        -:  839:    UnitTest* unit_test, int skip_count);
        -:  840:
        -:  841:// Helpers for suppressing warnings on unreachable code or constant
        -:  842:// condition.
        -:  843:
        -:  844:// Always returns true.
        -:  845:GTEST_API_ bool AlwaysTrue();
        -:  846:
        -:  847:// Always returns false.
        -:  848:inline bool AlwaysFalse() { return !AlwaysTrue(); }
        -:  849:
        -:  850:// Helper for suppressing false warning from Clang on a const char*
        -:  851:// variable declared in a conditional expression always being NULL in
        -:  852:// the else branch.
        -:  853:struct GTEST_API_ ConstCharPtr {
        -:  854:  ConstCharPtr(const char* str) : value(str) {}
        -:  855:  operator bool() const { return true; }
        -:  856:  const char* value;
        -:  857:};
        -:  858:
        -:  859:// Helper for declaring std::string within 'if' statement
        -:  860:// in pre C++17 build environment.
        -:  861:struct TrueWithString {
        -:  862:  TrueWithString() = default;
        -:  863:  explicit TrueWithString(const char* str) : value(str) {}
        -:  864:  explicit TrueWithString(const std::string& str) : value(str) {}
        -:  865:  explicit operator bool() const { return true; }
        -:  866:  std::string value;
        -:  867:};
        -:  868:
        -:  869:// A simple Linear Congruential Generator for generating random
        -:  870:// numbers with a uniform distribution.  Unlike rand() and srand(), it
        -:  871:// doesn't use global state (and therefore can't interfere with user
        -:  872:// code).  Unlike rand_r(), it's portable.  An LCG isn't very random,
        -:  873:// but it's good enough for our purposes.
        -:  874:class GTEST_API_ Random {
        -:  875: public:
        -:  876:  static const uint32_t kMaxRange = 1u << 31;
        -:  877:
        -:  878:  explicit Random(uint32_t seed) : state_(seed) {}
        -:  879:
        -:  880:  void Reseed(uint32_t seed) { state_ = seed; }
        -:  881:
        -:  882:  // Generates a random number from [0, range).  Crashes if 'range' is
        -:  883:  // 0 or greater than kMaxRange.
        -:  884:  uint32_t Generate(uint32_t range);
        -:  885:
        -:  886: private:
        -:  887:  uint32_t state_;
        -:  888:  GTEST_DISALLOW_COPY_AND_ASSIGN_(Random);
        -:  889:};
        -:  890:
        -:  891:// Turns const U&, U&, const U, and U all into U.
        -:  892:#define GTEST_REMOVE_REFERENCE_AND_CONST_(T) \
        -:  893:  typename std::remove_const<typename std::remove_reference<T>::type>::type
        -:  894:
        -:  895:// IsAProtocolMessage<T>::value is a compile-time bool constant that's
        -:  896:// true if and only if T is type proto2::MessageLite or a subclass of it.
        -:  897:template <typename T>
        -:  898:struct IsAProtocolMessage
        -:  899:    : public std::is_convertible<const T*, const ::proto2::MessageLite*> {};
        -:  900:
        -:  901:// When the compiler sees expression IsContainerTest<C>(0), if C is an
        -:  902:// STL-style container class, the first overload of IsContainerTest
        -:  903:// will be viable (since both C::iterator* and C::const_iterator* are
        -:  904:// valid types and NULL can be implicitly converted to them).  It will
        -:  905:// be picked over the second overload as 'int' is a perfect match for
        -:  906:// the type of argument 0.  If C::iterator or C::const_iterator is not
        -:  907:// a valid type, the first overload is not viable, and the second
        -:  908:// overload will be picked.  Therefore, we can determine whether C is
        -:  909:// a container class by checking the type of IsContainerTest<C>(0).
        -:  910:// The value of the expression is insignificant.
        -:  911://
        -:  912:// In C++11 mode we check the existence of a const_iterator and that an
        -:  913:// iterator is properly implemented for the container.
        -:  914://
        -:  915:// For pre-C++11 that we look for both C::iterator and C::const_iterator.
        -:  916:// The reason is that C++ injects the name of a class as a member of the
        -:  917:// class itself (e.g. you can refer to class iterator as either
        -:  918:// 'iterator' or 'iterator::iterator').  If we look for C::iterator
        -:  919:// only, for example, we would mistakenly think that a class named
        -:  920:// iterator is an STL container.
        -:  921://
        -:  922:// Also note that the simpler approach of overloading
        -:  923:// IsContainerTest(typename C::const_iterator*) and
        -:  924:// IsContainerTest(...) doesn't work with Visual Age C++ and Sun C++.
        -:  925:typedef int IsContainer;
        -:  926:template <class C,
        -:  927:          class Iterator = decltype(::std::declval<const C&>().begin()),
        -:  928:          class = decltype(::std::declval<const C&>().end()),
        -:  929:          class = decltype(++::std::declval<Iterator&>()),
        -:  930:          class = decltype(*::std::declval<Iterator>()),
        -:  931:          class = typename C::const_iterator>
        -:  932:IsContainer IsContainerTest(int /* dummy */) {
        -:  933:  return 0;
        -:  934:}
        -:  935:
        -:  936:typedef char IsNotContainer;
        -:  937:template <class C>
        -:  938:IsNotContainer IsContainerTest(long /* dummy */) { return '\0'; }
        -:  939:
        -:  940:// Trait to detect whether a type T is a hash table.
        -:  941:// The heuristic used is that the type contains an inner type `hasher` and does
        -:  942:// not contain an inner type `reverse_iterator`.
        -:  943:// If the container is iterable in reverse, then order might actually matter.
        -:  944:template <typename T>
        -:  945:struct IsHashTable {
        -:  946: private:
        -:  947:  template <typename U>
        -:  948:  static char test(typename U::hasher*, typename U::reverse_iterator*);
        -:  949:  template <typename U>
        -:  950:  static int test(typename U::hasher*, ...);
        -:  951:  template <typename U>
        -:  952:  static char test(...);
        -:  953:
        -:  954: public:
        -:  955:  static const bool value = sizeof(test<T>(nullptr, nullptr)) == sizeof(int);
        -:  956:};
        -:  957:
        -:  958:template <typename T>
        -:  959:const bool IsHashTable<T>::value;
        -:  960:
        -:  961:template <typename C,
        -:  962:          bool = sizeof(IsContainerTest<C>(0)) == sizeof(IsContainer)>
        -:  963:struct IsRecursiveContainerImpl;
        -:  964:
        -:  965:template <typename C>
        -:  966:struct IsRecursiveContainerImpl<C, false> : public std::false_type {};
        -:  967:
        -:  968:// Since the IsRecursiveContainerImpl depends on the IsContainerTest we need to
        -:  969:// obey the same inconsistencies as the IsContainerTest, namely check if
        -:  970:// something is a container is relying on only const_iterator in C++11 and
        -:  971:// is relying on both const_iterator and iterator otherwise
        -:  972:template <typename C>
        -:  973:struct IsRecursiveContainerImpl<C, true> {
        -:  974:  using value_type = decltype(*std::declval<typename C::const_iterator>());
        -:  975:  using type =
        -:  976:      std::is_same<typename std::remove_const<
        -:  977:                       typename std::remove_reference<value_type>::type>::type,
        -:  978:                   C>;
        -:  979:};
        -:  980:
        -:  981:// IsRecursiveContainer<Type> is a unary compile-time predicate that
        -:  982:// evaluates whether C is a recursive container type. A recursive container
        -:  983:// type is a container type whose value_type is equal to the container type
        -:  984:// itself. An example for a recursive container type is
        -:  985:// boost::filesystem::path, whose iterator has a value_type that is equal to
        -:  986:// boost::filesystem::path.
        -:  987:template <typename C>
        -:  988:struct IsRecursiveContainer : public IsRecursiveContainerImpl<C>::type {};
        -:  989:
        -:  990:// Utilities for native arrays.
        -:  991:
        -:  992:// ArrayEq() compares two k-dimensional native arrays using the
        -:  993:// elements' operator==, where k can be any integer >= 0.  When k is
        -:  994:// 0, ArrayEq() degenerates into comparing a single pair of values.
        -:  995:
        -:  996:template <typename T, typename U>
        -:  997:bool ArrayEq(const T* lhs, size_t size, const U* rhs);
        -:  998:
        -:  999:// This generic version is used when k is 0.
        -: 1000:template <typename T, typename U>
        -: 1001:inline bool ArrayEq(const T& lhs, const U& rhs) { return lhs == rhs; }
        -: 1002:
        -: 1003:// This overload is used when k >= 1.
        -: 1004:template <typename T, typename U, size_t N>
        -: 1005:inline bool ArrayEq(const T(&lhs)[N], const U(&rhs)[N]) {
        -: 1006:  return internal::ArrayEq(lhs, N, rhs);
        -: 1007:}
        -: 1008:
        -: 1009:// This helper reduces code bloat.  If we instead put its logic inside
        -: 1010:// the previous ArrayEq() function, arrays with different sizes would
        -: 1011:// lead to different copies of the template code.
        -: 1012:template <typename T, typename U>
        -: 1013:bool ArrayEq(const T* lhs, size_t size, const U* rhs) {
        -: 1014:  for (size_t i = 0; i != size; i++) {
        -: 1015:    if (!internal::ArrayEq(lhs[i], rhs[i]))
        -: 1016:      return false;
        -: 1017:  }
        -: 1018:  return true;
        -: 1019:}
        -: 1020:
        -: 1021:// Finds the first element in the iterator range [begin, end) that
        -: 1022:// equals elem.  Element may be a native array type itself.
        -: 1023:template <typename Iter, typename Element>
        -: 1024:Iter ArrayAwareFind(Iter begin, Iter end, const Element& elem) {
        -: 1025:  for (Iter it = begin; it != end; ++it) {
        -: 1026:    if (internal::ArrayEq(*it, elem))
        -: 1027:      return it;
        -: 1028:  }
        -: 1029:  return end;
        -: 1030:}
        -: 1031:
        -: 1032:// CopyArray() copies a k-dimensional native array using the elements'
        -: 1033:// operator=, where k can be any integer >= 0.  When k is 0,
        -: 1034:// CopyArray() degenerates into copying a single value.
        -: 1035:
        -: 1036:template <typename T, typename U>
        -: 1037:void CopyArray(const T* from, size_t size, U* to);
        -: 1038:
        -: 1039:// This generic version is used when k is 0.
        -: 1040:template <typename T, typename U>
        -: 1041:inline void CopyArray(const T& from, U* to) { *to = from; }
        -: 1042:
        -: 1043:// This overload is used when k >= 1.
        -: 1044:template <typename T, typename U, size_t N>
        -: 1045:inline void CopyArray(const T(&from)[N], U(*to)[N]) {
        -: 1046:  internal::CopyArray(from, N, *to);
        -: 1047:}
        -: 1048:
        -: 1049:// This helper reduces code bloat.  If we instead put its logic inside
        -: 1050:// the previous CopyArray() function, arrays with different sizes
        -: 1051:// would lead to different copies of the template code.
        -: 1052:template <typename T, typename U>
        -: 1053:void CopyArray(const T* from, size_t size, U* to) {
        -: 1054:  for (size_t i = 0; i != size; i++) {
        -: 1055:    internal::CopyArray(from[i], to + i);
        -: 1056:  }
        -: 1057:}
        -: 1058:
        -: 1059:// The relation between an NativeArray object (see below) and the
        -: 1060:// native array it represents.
        -: 1061:// We use 2 different structs to allow non-copyable types to be used, as long
        -: 1062:// as RelationToSourceReference() is passed.
        -: 1063:struct RelationToSourceReference {};
        -: 1064:struct RelationToSourceCopy {};
        -: 1065:
        -: 1066:// Adapts a native array to a read-only STL-style container.  Instead
        -: 1067:// of the complete STL container concept, this adaptor only implements
        -: 1068:// members useful for Google Mock's container matchers.  New members
        -: 1069:// should be added as needed.  To simplify the implementation, we only
        -: 1070:// support Element being a raw type (i.e. having no top-level const or
        -: 1071:// reference modifier).  It's the client's responsibility to satisfy
        -: 1072:// this requirement.  Element can be an array type itself (hence
        -: 1073:// multi-dimensional arrays are supported).
        -: 1074:template <typename Element>
        -: 1075:class NativeArray {
        -: 1076: public:
        -: 1077:  // STL-style container typedefs.
        -: 1078:  typedef Element value_type;
        -: 1079:  typedef Element* iterator;
        -: 1080:  typedef const Element* const_iterator;
        -: 1081:
        -: 1082:  // Constructs from a native array. References the source.
        -: 1083:  NativeArray(const Element* array, size_t count, RelationToSourceReference) {
        -: 1084:    InitRef(array, count);
        -: 1085:  }
        -: 1086:
        -: 1087:  // Constructs from a native array. Copies the source.
        -: 1088:  NativeArray(const Element* array, size_t count, RelationToSourceCopy) {
        -: 1089:    InitCopy(array, count);
        -: 1090:  }
        -: 1091:
        -: 1092:  // Copy constructor.
        -: 1093:  NativeArray(const NativeArray& rhs) {
        -: 1094:    (this->*rhs.clone_)(rhs.array_, rhs.size_);
        -: 1095:  }
        -: 1096:
        -: 1097:  ~NativeArray() {
        -: 1098:    if (clone_ != &NativeArray::InitRef)
        -: 1099:      delete[] array_;
        -: 1100:  }
        -: 1101:
        -: 1102:  // STL-style container methods.
        -: 1103:  size_t size() const { return size_; }
        -: 1104:  const_iterator begin() const { return array_; }
        -: 1105:  const_iterator end() const { return array_ + size_; }
        -: 1106:  bool operator==(const NativeArray& rhs) const {
        -: 1107:    return size() == rhs.size() &&
        -: 1108:        ArrayEq(begin(), size(), rhs.begin());
        -: 1109:  }
        -: 1110:
        -: 1111: private:
        -: 1112:  static_assert(!std::is_const<Element>::value, "Type must not be const");
        -: 1113:  static_assert(!std::is_reference<Element>::value,
        -: 1114:                "Type must not be a reference");
        -: 1115:
        -: 1116:  // Initializes this object with a copy of the input.
        -: 1117:  void InitCopy(const Element* array, size_t a_size) {
        -: 1118:    Element* const copy = new Element[a_size];
        -: 1119:    CopyArray(array, a_size, copy);
        -: 1120:    array_ = copy;
        -: 1121:    size_ = a_size;
        -: 1122:    clone_ = &NativeArray::InitCopy;
        -: 1123:  }
        -: 1124:
        -: 1125:  // Initializes this object with a reference of the input.
        -: 1126:  void InitRef(const Element* array, size_t a_size) {
        -: 1127:    array_ = array;
        -: 1128:    size_ = a_size;
        -: 1129:    clone_ = &NativeArray::InitRef;
        -: 1130:  }
        -: 1131:
        -: 1132:  const Element* array_;
        -: 1133:  size_t size_;
        -: 1134:  void (NativeArray::*clone_)(const Element*, size_t);
        -: 1135:};
        -: 1136:
        -: 1137:// Backport of std::index_sequence.
        -: 1138:template <size_t... Is>
        -: 1139:struct IndexSequence {
        -: 1140:  using type = IndexSequence;
        -: 1141:};
        -: 1142:
        -: 1143:// Double the IndexSequence, and one if plus_one is true.
        -: 1144:template <bool plus_one, typename T, size_t sizeofT>
        -: 1145:struct DoubleSequence;
        -: 1146:template <size_t... I, size_t sizeofT>
        -: 1147:struct DoubleSequence<true, IndexSequence<I...>, sizeofT> {
        -: 1148:  using type = IndexSequence<I..., (sizeofT + I)..., 2 * sizeofT>;
        -: 1149:};
        -: 1150:template <size_t... I, size_t sizeofT>
        -: 1151:struct DoubleSequence<false, IndexSequence<I...>, sizeofT> {
        -: 1152:  using type = IndexSequence<I..., (sizeofT + I)...>;
        -: 1153:};
        -: 1154:
        -: 1155:// Backport of std::make_index_sequence.
        -: 1156:// It uses O(ln(N)) instantiation depth.
        -: 1157:template <size_t N>
        -: 1158:struct MakeIndexSequence
        -: 1159:    : DoubleSequence<N % 2 == 1, typename MakeIndexSequence<N / 2>::type,
        -: 1160:                     N / 2>::type {};
        -: 1161:
        -: 1162:template <>
        -: 1163:struct MakeIndexSequence<0> : IndexSequence<> {};
        -: 1164:
        -: 1165:template <size_t>
        -: 1166:struct Ignore {
        -: 1167:  Ignore(...);  // NOLINT
        -: 1168:};
        -: 1169:
        -: 1170:template <typename>
        -: 1171:struct ElemFromListImpl;
        -: 1172:template <size_t... I>
        -: 1173:struct ElemFromListImpl<IndexSequence<I...>> {
        -: 1174:  // We make Ignore a template to solve a problem with MSVC.
        -: 1175:  // A non-template Ignore would work fine with `decltype(Ignore(I))...`, but
        -: 1176:  // MSVC doesn't understand how to deal with that pack expansion.
        -: 1177:  // Use `0 * I` to have a single instantiation of Ignore.
        -: 1178:  template <typename R>
        -: 1179:  static R Apply(Ignore<0 * I>..., R (*)(), ...);
        -: 1180:};
        -: 1181:
        -: 1182:template <size_t N, typename... T>
        -: 1183:struct ElemFromList {
        -: 1184:  using type =
        -: 1185:      decltype(ElemFromListImpl<typename MakeIndexSequence<N>::type>::Apply(
        -: 1186:          static_cast<T (*)()>(nullptr)...));
        -: 1187:};
        -: 1188:
        -: 1189:template <typename... T>
        -: 1190:class FlatTuple;
        -: 1191:
        -: 1192:template <typename Derived, size_t I>
        -: 1193:struct FlatTupleElemBase;
        -: 1194:
        -: 1195:template <typename... T, size_t I>
        -: 1196:struct FlatTupleElemBase<FlatTuple<T...>, I> {
        -: 1197:  using value_type = typename ElemFromList<I, T...>::type;
        -: 1198:  FlatTupleElemBase() = default;
        -: 1199:  explicit FlatTupleElemBase(value_type t) : value(std::move(t)) {}
        -: 1200:  value_type value;
        -: 1201:};
        -: 1202:
        -: 1203:template <typename Derived, typename Idx>
        -: 1204:struct FlatTupleBase;
        -: 1205:
        -: 1206:template <size_t... Idx, typename... T>
        -: 1207:struct FlatTupleBase<FlatTuple<T...>, IndexSequence<Idx...>>
        -: 1208:    : FlatTupleElemBase<FlatTuple<T...>, Idx>... {
        -: 1209:  using Indices = IndexSequence<Idx...>;
        -: 1210:  FlatTupleBase() = default;
        -: 1211:  explicit FlatTupleBase(T... t)
        -: 1212:      : FlatTupleElemBase<FlatTuple<T...>, Idx>(std::move(t))... {}
        -: 1213:};
        -: 1214:
        -: 1215:// Analog to std::tuple but with different tradeoffs.
        -: 1216:// This class minimizes the template instantiation depth, thus allowing more
        -: 1217:// elements than std::tuple would. std::tuple has been seen to require an
        -: 1218:// instantiation depth of more than 10x the number of elements in some
        -: 1219:// implementations.
        -: 1220:// FlatTuple and ElemFromList are not recursive and have a fixed depth
        -: 1221:// regardless of T...
        -: 1222:// MakeIndexSequence, on the other hand, it is recursive but with an
        -: 1223:// instantiation depth of O(ln(N)).
        -: 1224:template <typename... T>
        -: 1225:class FlatTuple
        -: 1226:    : private FlatTupleBase<FlatTuple<T...>,
        -: 1227:                            typename MakeIndexSequence<sizeof...(T)>::type> {
        -: 1228:  using Indices = typename FlatTupleBase<
        -: 1229:      FlatTuple<T...>, typename MakeIndexSequence<sizeof...(T)>::type>::Indices;
        -: 1230:
        -: 1231: public:
        -: 1232:  FlatTuple() = default;
        -: 1233:  explicit FlatTuple(T... t) : FlatTuple::FlatTupleBase(std::move(t)...) {}
        -: 1234:
        -: 1235:  template <size_t I>
        -: 1236:  const typename ElemFromList<I, T...>::type& Get() const {
        -: 1237:    return static_cast<const FlatTupleElemBase<FlatTuple, I>*>(this)->value;
        -: 1238:  }
        -: 1239:
        -: 1240:  template <size_t I>
        -: 1241:  typename ElemFromList<I, T...>::type& Get() {
        -: 1242:    return static_cast<FlatTupleElemBase<FlatTuple, I>*>(this)->value;
        -: 1243:  }
        -: 1244:};
        -: 1245:
        -: 1246:// Utility functions to be called with static_assert to induce deprecation
        -: 1247:// warnings.
        -: 1248:GTEST_INTERNAL_DEPRECATED(
        -: 1249:    "INSTANTIATE_TEST_CASE_P is deprecated, please use "
        -: 1250:    "INSTANTIATE_TEST_SUITE_P")
        -: 1251:constexpr bool InstantiateTestCase_P_IsDeprecated() { return true; }
        -: 1252:
        -: 1253:GTEST_INTERNAL_DEPRECATED(
        -: 1254:    "TYPED_TEST_CASE_P is deprecated, please use "
        -: 1255:    "TYPED_TEST_SUITE_P")
        -: 1256:constexpr bool TypedTestCase_P_IsDeprecated() { return true; }
        -: 1257:
        -: 1258:GTEST_INTERNAL_DEPRECATED(
        -: 1259:    "TYPED_TEST_CASE is deprecated, please use "
        -: 1260:    "TYPED_TEST_SUITE")
        -: 1261:constexpr bool TypedTestCaseIsDeprecated() { return true; }
        -: 1262:
        -: 1263:GTEST_INTERNAL_DEPRECATED(
        -: 1264:    "REGISTER_TYPED_TEST_CASE_P is deprecated, please use "
        -: 1265:    "REGISTER_TYPED_TEST_SUITE_P")
        -: 1266:constexpr bool RegisterTypedTestCase_P_IsDeprecated() { return true; }
        -: 1267:
        -: 1268:GTEST_INTERNAL_DEPRECATED(
        -: 1269:    "INSTANTIATE_TYPED_TEST_CASE_P is deprecated, please use "
        -: 1270:    "INSTANTIATE_TYPED_TEST_SUITE_P")
        -: 1271:constexpr bool InstantiateTypedTestCase_P_IsDeprecated() { return true; }
        -: 1272:
        -: 1273:}  // namespace internal
        -: 1274:}  // namespace testing
        -: 1275:
        -: 1276:#define GTEST_MESSAGE_AT_(file, line, message, result_type) \
        -: 1277:  ::testing::internal::AssertHelper(result_type, file, line, message) \
        -: 1278:    = ::testing::Message()
        -: 1279:
        -: 1280:#define GTEST_MESSAGE_(message, result_type) \
        -: 1281:  GTEST_MESSAGE_AT_(__FILE__, __LINE__, message, result_type)
        -: 1282:
        -: 1283:#define GTEST_FATAL_FAILURE_(message) \
        -: 1284:  return GTEST_MESSAGE_(message, ::testing::TestPartResult::kFatalFailure)
        -: 1285:
        -: 1286:#define GTEST_NONFATAL_FAILURE_(message) \
        -: 1287:  GTEST_MESSAGE_(message, ::testing::TestPartResult::kNonFatalFailure)
        -: 1288:
        -: 1289:#define GTEST_SUCCESS_(message) \
        -: 1290:  GTEST_MESSAGE_(message, ::testing::TestPartResult::kSuccess)
        -: 1291:
        -: 1292:#define GTEST_SKIP_(message) \
        -: 1293:  return GTEST_MESSAGE_(message, ::testing::TestPartResult::kSkip)
        -: 1294:
        -: 1295:// Suppress MSVC warning 4072 (unreachable code) for the code following
        -: 1296:// statement if it returns or throws (or doesn't return or throw in some
        -: 1297:// situations).
        -: 1298:// NOTE: The "else" is important to keep this expansion to prevent a top-level
        -: 1299:// "else" from attaching to our "if".
        -: 1300:#define GTEST_SUPPRESS_UNREACHABLE_CODE_WARNING_BELOW_(statement) \
        -: 1301:  if (::testing::internal::AlwaysTrue()) {                        \
        -: 1302:    statement;                                                    \
        -: 1303:  } else                     /* NOLINT */                         \
        -: 1304:    static_assert(true, "")  // User must have a semicolon after expansion.
        -: 1305:
        -: 1306:#if GTEST_HAS_EXCEPTIONS
        -: 1307:
        -: 1308:namespace testing {
        -: 1309:namespace internal {
        -: 1310:
        -: 1311:class NeverThrown {
        -: 1312: public:
        -: 1313:  const char* what() const noexcept {
        -: 1314:    return "this exception should never be thrown";
        -: 1315:  }
        -: 1316:};
        -: 1317:
        -: 1318:}  // namespace internal
        -: 1319:}  // namespace testing
        -: 1320:
        -: 1321:#if GTEST_HAS_RTTI
        -: 1322:
        -: 1323:#define GTEST_EXCEPTION_TYPE_(e) ::testing::internal::GetTypeName(typeid(e))
        -: 1324:
        -: 1325:#else  // GTEST_HAS_RTTI
        -: 1326:
        -: 1327:#define GTEST_EXCEPTION_TYPE_(e) \
        -: 1328:  std::string { "an std::exception-derived error" }
        -: 1329:
        -: 1330:#endif  // GTEST_HAS_RTTI
        -: 1331:
        -: 1332:#define GTEST_TEST_THROW_CATCH_STD_EXCEPTION_(statement, expected_exception)   \
        -: 1333:  catch (typename std::conditional<                                            \
        -: 1334:         std::is_same<typename std::remove_cv<typename std::remove_reference<  \
        -: 1335:                          expected_exception>::type>::type,                    \
        -: 1336:                      std::exception>::value,                                  \
        -: 1337:         const ::testing::internal::NeverThrown&, const std::exception&>::type \
        -: 1338:             e) {                                                              \
        -: 1339:    gtest_msg.value = "Expected: " #statement                                  \
        -: 1340:                      " throws an exception of type " #expected_exception      \
        -: 1341:                      ".\n  Actual: it throws ";                               \
        -: 1342:    gtest_msg.value += GTEST_EXCEPTION_TYPE_(e);                               \
        -: 1343:    gtest_msg.value += " with description \"";                                 \
        -: 1344:    gtest_msg.value += e.what();                                               \
        -: 1345:    gtest_msg.value += "\".";                                                  \
        -: 1346:    goto GTEST_CONCAT_TOKEN_(gtest_label_testthrow_, __LINE__);                \
        -: 1347:  }
        -: 1348:
        -: 1349:#else  // GTEST_HAS_EXCEPTIONS
        -: 1350:
        -: 1351:#define GTEST_TEST_THROW_CATCH_STD_EXCEPTION_(statement, expected_exception)
        -: 1352:
        -: 1353:#endif  // GTEST_HAS_EXCEPTIONS
        -: 1354:
        -: 1355:#define GTEST_TEST_THROW_(statement, expected_exception, fail)              \
        -: 1356:  GTEST_AMBIGUOUS_ELSE_BLOCKER_                                             \
        -: 1357:  if (::testing::internal::TrueWithString gtest_msg{}) {                    \
        -: 1358:    bool gtest_caught_expected = false;                                     \
        -: 1359:    try {                                                                   \
        -: 1360:      GTEST_SUPPRESS_UNREACHABLE_CODE_WARNING_BELOW_(statement);            \
        -: 1361:    } catch (expected_exception const&) {                                   \
        -: 1362:      gtest_caught_expected = true;                                         \
        -: 1363:    }                                                                       \
        -: 1364:    GTEST_TEST_THROW_CATCH_STD_EXCEPTION_(statement, expected_exception)    \
        -: 1365:    catch (...) {                                                           \
        -: 1366:      gtest_msg.value = "Expected: " #statement                             \
        -: 1367:                        " throws an exception of type " #expected_exception \
        -: 1368:                        ".\n  Actual: it throws a different type.";         \
        -: 1369:      goto GTEST_CONCAT_TOKEN_(gtest_label_testthrow_, __LINE__);           \
        -: 1370:    }                                                                       \
        -: 1371:    if (!gtest_caught_expected) {                                           \
        -: 1372:      gtest_msg.value = "Expected: " #statement                             \
        -: 1373:                        " throws an exception of type " #expected_exception \
        -: 1374:                        ".\n  Actual: it throws nothing.";                  \
        -: 1375:      goto GTEST_CONCAT_TOKEN_(gtest_label_testthrow_, __LINE__);           \
        -: 1376:    }                                                                       \
        -: 1377:  } else /*NOLINT*/                                                         \
        -: 1378:    GTEST_CONCAT_TOKEN_(gtest_label_testthrow_, __LINE__)                   \
        -: 1379:        : fail(gtest_msg.value.c_str())
        -: 1380:
        -: 1381:#if GTEST_HAS_EXCEPTIONS
        -: 1382:
        -: 1383:#define GTEST_TEST_NO_THROW_CATCH_STD_EXCEPTION_()                \
        -: 1384:  catch (std::exception const& e) {                               \
        -: 1385:    gtest_msg.value = "it throws ";                               \
        -: 1386:    gtest_msg.value += GTEST_EXCEPTION_TYPE_(e);                  \
        -: 1387:    gtest_msg.value += " with description \"";                    \
        -: 1388:    gtest_msg.value += e.what();                                  \
        -: 1389:    gtest_msg.value += "\".";                                     \
        -: 1390:    goto GTEST_CONCAT_TOKEN_(gtest_label_testnothrow_, __LINE__); \
        -: 1391:  }
        -: 1392:
        -: 1393:#else  // GTEST_HAS_EXCEPTIONS
        -: 1394:
        -: 1395:#define GTEST_TEST_NO_THROW_CATCH_STD_EXCEPTION_()
        -: 1396:
        -: 1397:#endif  // GTEST_HAS_EXCEPTIONS
        -: 1398:
        -: 1399:#define GTEST_TEST_NO_THROW_(statement, fail) \
        -: 1400:  GTEST_AMBIGUOUS_ELSE_BLOCKER_ \
        -: 1401:  if (::testing::internal::TrueWithString gtest_msg{}) { \
        -: 1402:    try { \
        -: 1403:      GTEST_SUPPRESS_UNREACHABLE_CODE_WARNING_BELOW_(statement); \
        -: 1404:    } \
        -: 1405:    GTEST_TEST_NO_THROW_CATCH_STD_EXCEPTION_() \
        -: 1406:    catch (...) { \
        -: 1407:      gtest_msg.value = "it throws."; \
        -: 1408:      goto GTEST_CONCAT_TOKEN_(gtest_label_testnothrow_, __LINE__); \
        -: 1409:    } \
        -: 1410:  } else \
        -: 1411:    GTEST_CONCAT_TOKEN_(gtest_label_testnothrow_, __LINE__): \
        -: 1412:      fail(("Expected: " #statement " doesn't throw an exception.\n" \
        -: 1413:            "  Actual: " + gtest_msg.value).c_str())
        -: 1414:
        -: 1415:#define GTEST_TEST_ANY_THROW_(statement, fail) \
        -: 1416:  GTEST_AMBIGUOUS_ELSE_BLOCKER_ \
        -: 1417:  if (::testing::internal::AlwaysTrue()) { \
        -: 1418:    bool gtest_caught_any = false; \
        -: 1419:    try { \
        -: 1420:      GTEST_SUPPRESS_UNREACHABLE_CODE_WARNING_BELOW_(statement); \
        -: 1421:    } \
        -: 1422:    catch (...) { \
        -: 1423:      gtest_caught_any = true; \
        -: 1424:    } \
        -: 1425:    if (!gtest_caught_any) { \
        -: 1426:      goto GTEST_CONCAT_TOKEN_(gtest_label_testanythrow_, __LINE__); \
        -: 1427:    } \
        -: 1428:  } else \
        -: 1429:    GTEST_CONCAT_TOKEN_(gtest_label_testanythrow_, __LINE__): \
        -: 1430:      fail("Expected: " #statement " throws an exception.\n" \
        -: 1431:           "  Actual: it doesn't.")
        -: 1432:
        -: 1433:
        -: 1434:// Implements Boolean test assertions such as EXPECT_TRUE. expression can be
        -: 1435:// either a boolean expression or an AssertionResult. text is a textual
        -: 1436:// represenation of expression as it was passed into the EXPECT_TRUE.
        -: 1437:#define GTEST_TEST_BOOLEAN_(expression, text, actual, expected, fail) \
        -: 1438:  GTEST_AMBIGUOUS_ELSE_BLOCKER_ \
        -: 1439:  if (const ::testing::AssertionResult gtest_ar_ = \
        -: 1440:      ::testing::AssertionResult(expression)) \
        -: 1441:    ; \
        -: 1442:  else \
        -: 1443:    fail(::testing::internal::GetBoolAssertionFailureMessage(\
        -: 1444:        gtest_ar_, text, #actual, #expected).c_str())
        -: 1445:
        -: 1446:#define GTEST_TEST_NO_FATAL_FAILURE_(statement, fail) \
        -: 1447:  GTEST_AMBIGUOUS_ELSE_BLOCKER_ \
        -: 1448:  if (::testing::internal::AlwaysTrue()) { \
        -: 1449:    ::testing::internal::HasNewFatalFailureHelper gtest_fatal_failure_checker; \
        -: 1450:    GTEST_SUPPRESS_UNREACHABLE_CODE_WARNING_BELOW_(statement); \
        -: 1451:    if (gtest_fatal_failure_checker.has_new_fatal_failure()) { \
        -: 1452:      goto GTEST_CONCAT_TOKEN_(gtest_label_testnofatal_, __LINE__); \
        -: 1453:    } \
        -: 1454:  } else \
        -: 1455:    GTEST_CONCAT_TOKEN_(gtest_label_testnofatal_, __LINE__): \
        -: 1456:      fail("Expected: " #statement " doesn't generate new fatal " \
        -: 1457:           "failures in the current thread.\n" \
        -: 1458:           "  Actual: it does.")
        -: 1459:
        -: 1460:// Expands to the name of the class that implements the given test.
        -: 1461:#define GTEST_TEST_CLASS_NAME_(test_suite_name, test_name) \
        -: 1462:  test_suite_name##_##test_name##_Test
        -: 1463:
        -: 1464:// Helper macro for defining tests.
        -: 1465:#define GTEST_TEST_(test_suite_name, test_name, parent_class, parent_id)      \
        -: 1466:  static_assert(sizeof(GTEST_STRINGIFY_(test_suite_name)) > 1,                \
        -: 1467:                "test_suite_name must not be empty");                         \
        -: 1468:  static_assert(sizeof(GTEST_STRINGIFY_(test_name)) > 1,                      \
        -: 1469:                "test_name must not be empty");                               \
        -: 1470:  class GTEST_TEST_CLASS_NAME_(test_suite_name, test_name)                    \
        -: 1471:      : public parent_class {                                                 \
        -: 1472:   public:                                                                    \
        -: 1473:    GTEST_TEST_CLASS_NAME_(test_suite_name, test_name)() = default;           \
        -: 1474:    ~GTEST_TEST_CLASS_NAME_(test_suite_name, test_name)() override = default; \
        -: 1475:    GTEST_DISALLOW_COPY_AND_ASSIGN_(GTEST_TEST_CLASS_NAME_(test_suite_name,   \
        -: 1476:                                                           test_name));       \
        -: 1477:    GTEST_DISALLOW_MOVE_AND_ASSIGN_(GTEST_TEST_CLASS_NAME_(test_suite_name,   \
        -: 1478:                                                           test_name));       \
        -: 1479:                                                                              \
        -: 1480:   private:                                                                   \
        -: 1481:    void TestBody() override;                                                 \
        -: 1482:    static ::testing::TestInfo* const test_info_ GTEST_ATTRIBUTE_UNUSED_;     \
        -: 1483:  };                                                                          \
        -: 1484:                                                                              \
        -: 1485:  ::testing::TestInfo* const GTEST_TEST_CLASS_NAME_(test_suite_name,          \
        -: 1486:                                                    test_name)::test_info_ =  \
        -: 1487:      ::testing::internal::MakeAndRegisterTestInfo(                           \
        -: 1488:          #test_suite_name, #test_name, nullptr, nullptr,                     \
        -: 1489:          ::testing::internal::CodeLocation(__FILE__, __LINE__), (parent_id), \
        -: 1490:          ::testing::internal::SuiteApiResolver<                              \
        -: 1491:              parent_class>::GetSetUpCaseOrSuite(__FILE__, __LINE__),         \
        -: 1492:          ::testing::internal::SuiteApiResolver<                              \
        -: 1493:              parent_class>::GetTearDownCaseOrSuite(__FILE__, __LINE__),      \
        -: 1494:          new ::testing::internal::TestFactoryImpl<GTEST_TEST_CLASS_NAME_(    \
        -: 1495:              test_suite_name, test_name)>);                                  \
        -: 1496:  void GTEST_TEST_CLASS_NAME_(test_suite_name, test_name)::TestBody()
        -: 1497:
        -: 1498:#endif  // GTEST_INCLUDE_GTEST_INTERNAL_GTEST_INTERNAL_H_
